number,value,params_depth,params_iterations,params_l2_leaf_reg,params_learning_rate,params_tau,state,duration,job,params_colsample_bytree,params_min_child_samples,params_n_estimators,params_num_leaves,params_reg_lambda,params_subsample,params_max_depth,params_min_child_weight
26,6.297820205266824,4.0,450.0,5.104922954349155,0.10191768364263863,30,PRUNED,0 days 00:00:01.200031,cat:B:S2,,,,,,,,
27,6.095240849364377,5.0,250.0,5.664979287726524,0.13539914874043396,inf,PRUNED,0 days 00:00:01.017973,cat:B:S2,,,,,,,,
28,9.837299318084517,5.0,850.0,5.558845777384788,0.09111789562049645,inf,COMPLETE,0 days 00:00:10.362509,cat:B:S2,,,,,,,,
29,6.609556409287293,6.0,450.0,5.430878856192712,0.16422150687272744,30,PRUNED,0 days 00:00:02.492463,cat:B:S2,,,,,,,,
0,7.759920898861218,,,,0.17254716573280354,30,COMPLETE,0 days 00:00:08.342680,lgbm:A:S0,0.5779972601681014,29.0,600.0,60.0,0.0017073967431528124,0.5780093202212182,,
1,7.749579359710382,,,,0.18276027831785724,30,COMPLETE,0 days 00:00:01.497231,lgbm:A:S0,0.5917022549267169,9.0,100.0,80.0,0.016480446427978974,0.5909124836035503,,
2,7.46912300120237,,,,0.01518747922672247,60,COMPLETE,0 days 00:00:05.569355,lgbm:A:S0,0.8925879806965068,14.0,950.0,17.0,0.006290644294586149,0.728034992108518,,
3,7.299395687599948,,,,0.016666983286066417,60,COMPLETE,0 days 00:00:03.544701,lgbm:A:S0,0.9041986740582306,86.0,950.0,9.0,0.01653693718282442,0.9828160165372797,,
4,7.676739165441354,,,,0.04407984038169244,60,COMPLETE,0 days 00:00:00.853017,lgbm:A:S0,0.831261142176991,76.0,250.0,8.0,0.017654048052495083,0.6293899908000085,,
5,7.3150286576729115,,,,0.10196967939171485,inf,COMPLETE,0 days 00:00:15.020462,lgbm:A:S0,0.9609371175115584,72.0,1500.0,108.0,0.002259279742015696,0.7989499894055425,,
6,6.408575141421809,,,,0.022544116997360492,inf,COMPLETE,0 days 00:00:10.535504,lgbm:A:S0,0.7713480415791243,14.0,650.0,79.0,0.0036618192203924276,0.6404672548436904,,
7,7.1812910867145066,,,,0.018135730867783396,60,COMPLETE,0 days 00:00:04.126502,lgbm:A:S0,0.8645035840204937,57.0,1200.0,8.0,1.2164139351417065,0.8534286719238086,,
8,6.6839316836216645,,,,0.06470376604234768,60,COMPLETE,0 days 00:00:07.561093,lgbm:A:S0,0.6625916610133735,5.0,1350.0,19.0,0.8287522363768158,0.6554911608578311,,
9,7.172870431160688,,,,0.08471354625326555,30,COMPLETE,0 days 00:00:03.615206,lgbm:A:S0,0.7468977981821954,26.0,250.0,65.0,0.12329098365270515,0.8854835899772805,,
10,6.804141355160032,,,,0.04595417865580672,inf,COMPLETE,0 days 00:00:11.586814,lgbm:A:S0,0.9919385621979621,8.0,450.0,85.0,0.007073926196180518,0.6031361279255282,,
11,6.69542285164227,,,,0.07599869587015695,60,COMPLETE,0 days 00:00:07.674666,lgbm:A:S0,0.7736101063793741,11.0,1400.0,17.0,1.3757012318589603,0.6702364428937232,,
12,6.777095197961438,,,,0.014763019242809825,inf,COMPLETE,0 days 00:00:09.127316,lgbm:A:S0,0.8287182353822664,42.0,800.0,110.0,0.00733003677004051,0.6249387334782409,,
13,7.178385898004062,,,,0.06469834502030514,60,COMPLETE,0 days 00:00:05.771934,lgbm:A:S0,0.7418671184283597,11.0,1300.0,14.0,0.003541380624356431,0.6530356886489423,,
14,6.704020018469738,,,,0.04248329920271092,inf,COMPLETE,0 days 00:00:15.450353,lgbm:A:S0,0.7808364132279325,10.0,650.0,121.0,0.0011943450068964074,0.5865803239893822,,
15,6.824870174306448,,,,0.09646528121990859,60,COMPLETE,0 days 00:00:05.242690,lgbm:A:S0,0.7039916710735218,5.0,950.0,19.0,0.36041661893860255,0.5057433382920269,,
16,7.00108149700393,,,,0.17920878634146603,60,COMPLETE,0 days 00:00:04.415389,lgbm:A:S0,0.7494246391101202,7.0,800.0,20.0,0.04285113898953072,0.7029779642643748,,
17,4.531479626653686,,,,0.04059536102369161,60,PRUNED,0 days 00:00:01.198614,lgbm:A:S0,0.6905914910747559,10.0,750.0,16.0,0.27928027302627856,0.5488190249539495,,
18,6.67005898846532,,,,0.03504156141932344,60,COMPLETE,0 days 00:00:16.746542,lgbm:A:S0,0.6807019269063442,8.0,1500.0,46.0,9.690092469486059,0.6063078447728648,,
19,6.577036580089543,,,,0.031410468468846646,60,COMPLETE,0 days 00:00:06.455343,lgbm:A:S0,0.6205046319467195,11.0,600.0,49.0,2.275095938699486,0.6300257818563473,,
20,6.326050390103173,,,,0.016712197919054813,inf,COMPLETE,0 days 00:00:10.465975,lgbm:A:S0,0.6965741660259321,13.0,550.0,106.0,0.01889566479260145,0.5576664933843829,,
21,6.3586728119451825,,,,0.013892093437993629,inf,COMPLETE,0 days 00:00:13.725442,lgbm:A:S0,0.6374831077408016,14.0,700.0,111.0,0.006952481987575954,0.6715388186250746,,
22,6.394204894716366,,,,0.020067929097783765,inf,COMPLETE,0 days 00:00:11.209188,lgbm:A:S0,0.7375799478618297,15.0,600.0,99.0,0.025383768676004653,0.5356494096778079,,
23,6.482606167397186,,,,0.022197755440623964,inf,COMPLETE,0 days 00:00:04.708520,lgbm:A:S0,0.7143894853191521,19.0,250.0,126.0,0.009952262289576415,0.6227218911199701,,
24,6.47633193746402,,,,0.010112030717896804,inf,COMPLETE,0 days 00:00:11.647272,lgbm:A:S0,0.6686589481377414,25.0,800.0,98.0,0.060235745304676826,0.6415629299966454,,
25,6.425305223318321,,,,0.019828353953048303,inf,COMPLETE,0 days 00:00:12.893163,lgbm:A:S0,0.6546495061442312,12.0,800.0,87.0,0.0016364566035658578,0.6544522601269664,,
26,6.591359549172381,,,,0.01532937906861489,inf,COMPLETE,0 days 00:00:10.240426,lgbm:A:S0,0.6962361870995545,7.0,500.0,108.0,0.09307695615031052,0.5051563730170839,,
27,6.586674602108534,,,,0.010176703845236864,inf,COMPLETE,0 days 00:00:09.595947,lgbm:A:S0,0.6984111725500526,9.0,700.0,67.0,0.03196471940471585,0.517608783782036,,
28,6.368906641866567,,,,0.010288935409420765,inf,COMPLETE,0 days 00:00:17.247844,lgbm:A:S0,0.8069673791774858,12.0,750.0,125.0,0.010826352348058328,0.5357875207073461,,
29,6.418418830063209,,,,0.019655670443617775,inf,COMPLETE,0 days 00:00:10.989613,lgbm:A:S0,0.6624265314800575,13.0,700.0,82.0,0.059374488042373975,0.6763695629258599,,
0,8.089226634615256,,,,0.17254716573280354,30,COMPLETE,0 days 00:00:08.347771,lgbm:A:S1,0.5779972601681014,29.0,600.0,60.0,0.0017073967431528124,0.5780093202212182,,
1,7.473570976253055,,,,0.18276027831785724,30,COMPLETE,0 days 00:00:01.522705,lgbm:A:S1,0.5917022549267169,9.0,100.0,80.0,0.016480446427978974,0.5909124836035503,,
2,7.384724401263888,,,,0.01518747922672247,60,COMPLETE,0 days 00:00:05.793931,lgbm:A:S1,0.8925879806965068,14.0,950.0,17.0,0.006290644294586149,0.728034992108518,,
3,7.138376447337556,,,,0.016666983286066417,60,COMPLETE,0 days 00:00:03.639027,lgbm:A:S1,0.9041986740582306,86.0,950.0,9.0,0.01653693718282442,0.9828160165372797,,
4,7.484035532332025,,,,0.04407984038169244,60,COMPLETE,0 days 00:00:00.911468,lgbm:A:S1,0.831261142176991,76.0,250.0,8.0,0.017654048052495083,0.6293899908000085,,
5,7.218123332177615,,,,0.10196967939171485,inf,COMPLETE,0 days 00:00:15.360393,lgbm:A:S1,0.9609371175115584,72.0,1500.0,108.0,0.002259279742015696,0.7989499894055425,,
6,6.471220540534037,,,,0.022544116997360492,inf,COMPLETE,0 days 00:00:11.698558,lgbm:A:S1,0.7713480415791243,14.0,650.0,79.0,0.0036618192203924276,0.6404672548436904,,
7,7.060041947534824,,,,0.018135730867783396,60,COMPLETE,0 days 00:00:04.736714,lgbm:A:S1,0.8645035840204937,57.0,1200.0,8.0,1.2164139351417065,0.8534286719238086,,
8,6.60429705252023,,,,0.06470376604234768,60,COMPLETE,0 days 00:00:09.551256,lgbm:A:S1,0.6625916610133735,5.0,1350.0,19.0,0.8287522363768158,0.6554911608578311,,
9,7.126334148794693,,,,0.08471354625326555,30,COMPLETE,0 days 00:00:03.752507,lgbm:A:S1,0.7468977981821954,26.0,250.0,65.0,0.12329098365270515,0.8854835899772805,,
10,6.707265181791432,,,,0.04595417865580672,inf,COMPLETE,0 days 00:00:09.998109,lgbm:A:S1,0.9919385621979621,8.0,450.0,85.0,0.007073926196180518,0.6031361279255282,,
11,6.5089855450428304,,,,0.07599869587015695,60,COMPLETE,0 days 00:00:08.153314,lgbm:A:S1,0.7736101063793741,11.0,1400.0,17.0,1.3757012318589603,0.6702364428937232,,
12,6.695272355107854,,,,0.026032880935782602,inf,COMPLETE,0 days 00:00:06.729419,lgbm:A:S1,0.7091684482687353,15.0,1250.0,18.0,0.01569911569382988,0.687103587907873,,
13,6.849013709159507,,,,0.02479384106233017,inf,COMPLETE,0 days 00:00:03.574293,lgbm:A:S1,0.7599283524909451,8.0,350.0,38.0,0.0028512058552328154,0.5173189311129204,,
14,6.556183596764068,,,,0.0374945951361179,inf,COMPLETE,0 days 00:00:15.970823,lgbm:A:S1,0.7492629184485466,12.0,650.0,125.0,0.23419781905652817,0.6971446528384315,,
15,7.281622067960002,,,,0.13993208070867968,60,COMPLETE,0 days 00:00:21.172923,lgbm:A:S1,0.826478523937988,16.0,1200.0,79.0,0.8501655673539988,0.5720894488532391,,
16,6.935729338052262,,,,0.046668027757370785,60,COMPLETE,0 days 00:00:18.229188,lgbm:A:S1,0.8589632010051945,8.0,1450.0,51.0,0.0427991681230604,0.7324762841762341,,
17,6.86789090512962,,,,0.03833844156266779,inf,COMPLETE,0 days 00:00:17.059379,lgbm:A:S1,0.8133029177654733,18.0,1250.0,58.0,0.0062795878434536625,0.5636797108134147,,
18,6.7956038103136,,,,0.02277112206198118,inf,COMPLETE,0 days 00:00:07.932262,lgbm:A:S1,0.6898682569456172,5.0,500.0,72.0,0.014003902177657233,0.6947703140168817,,
19,6.634391129269093,,,,0.04872441978050894,60,COMPLETE,0 days 00:00:05.027959,lgbm:A:S1,0.6943789510498208,13.0,600.0,31.0,2.1170959115285015,0.6749403601861006,,
20,6.309559024805671,,,,0.017766049336197853,inf,COMPLETE,0 days 00:00:10.413176,lgbm:A:S1,0.7075519007875837,13.0,550.0,97.0,0.017379523254710372,0.5576664933843829,,
21,6.249412162948821,,,,0.0142874865132358,inf,COMPLETE,0 days 00:00:13.734082,lgbm:A:S1,0.647156572322936,14.0,700.0,109.0,0.00661516722307157,0.6715388186250746,,
22,6.363459836279376,,,,0.020067929097783765,inf,COMPLETE,0 days 00:00:11.053306,lgbm:A:S1,0.7375799478618297,15.0,600.0,99.0,0.025383768676004653,0.5356494096778079,,
23,6.465143036081735,,,,0.024876945854171474,inf,COMPLETE,0 days 00:00:09.683460,lgbm:A:S1,0.6729631052215442,25.0,650.0,95.0,0.13927416869937206,0.5722976403116574,,
24,6.4973516624131875,,,,0.02724514999635918,inf,COMPLETE,0 days 00:00:08.401100,lgbm:A:S1,0.7302631822007085,20.0,550.0,79.0,0.015344659391664676,0.5509479010710935,,
25,6.2715732088616285,,,,0.020445331224114394,inf,COMPLETE,0 days 00:00:08.160074,lgbm:A:S1,0.6261312876361776,9.0,350.0,128.0,0.012188614160492389,0.6686406967367984,,
26,6.313600991652129,,,,0.01840278177906568,inf,COMPLETE,0 days 00:00:06.412988,lgbm:A:S1,0.7238895061747344,17.0,300.0,126.0,0.007932988455006755,0.6801578886950315,,
27,6.451133825861088,,,,0.01677859500702567,inf,COMPLETE,0 days 00:00:06.054288,lgbm:A:S1,0.6570912633010892,10.0,400.0,71.0,0.08099634249699003,0.6007216368473606,,
28,6.359304393800355,,,,0.010301432001486623,inf,COMPLETE,0 days 00:00:13.022725,lgbm:A:S1,0.7041494295539202,8.0,550.0,126.0,0.0061646535492057,0.6001779371823739,,
29,6.266656959170387,,,,0.019385291374391392,inf,COMPLETE,0 days 00:00:07.745367,lgbm:A:S1,0.6279011305107141,16.0,550.0,74.0,0.00142356081963279,0.7089200656707182,,
0,7.834695906673825,,,,0.17254716573280354,30,COMPLETE,0 days 00:00:08.505465,lgbm:A:S2,0.5779972601681014,29.0,600.0,60.0,0.0017073967431528124,0.5780093202212182,,
1,7.535397964878261,,,,0.18276027831785724,30,COMPLETE,0 days 00:00:01.556097,lgbm:A:S2,0.5917022549267169,9.0,100.0,80.0,0.016480446427978974,0.5909124836035503,,
2,6.772601424679682,,,,0.01518747922672247,60,COMPLETE,0 days 00:00:05.732652,lgbm:A:S2,0.8925879806965068,14.0,950.0,17.0,0.006290644294586149,0.728034992108518,,
3,6.7416488601667055,,,,0.016666983286066417,60,COMPLETE,0 days 00:00:03.871467,lgbm:A:S2,0.9041986740582306,86.0,950.0,9.0,0.01653693718282442,0.9828160165372797,,
4,7.133352982439745,,,,0.04407984038169244,60,COMPLETE,0 days 00:00:00.900823,lgbm:A:S2,0.831261142176991,76.0,250.0,8.0,0.017654048052495083,0.6293899908000085,,
5,6.591618534390257,,,,0.10196967939171485,inf,COMPLETE,0 days 00:00:16.508327,lgbm:A:S2,0.9609371175115584,72.0,1500.0,108.0,0.002259279742015696,0.7989499894055425,,
6,5.824297996946932,,,,0.022544116997360492,inf,COMPLETE,0 days 00:00:13.984362,lgbm:A:S2,0.7713480415791243,14.0,650.0,79.0,0.0036618192203924276,0.6404672548436904,,
7,6.600563205217402,,,,0.018135730867783396,60,COMPLETE,0 days 00:00:04.519797,lgbm:A:S2,0.8645035840204937,57.0,1200.0,8.0,1.2164139351417065,0.8534286719238086,,
8,6.118741357085322,,,,0.06470376604234768,60,COMPLETE,0 days 00:00:07.777551,lgbm:A:S2,0.6625916610133735,5.0,1350.0,19.0,0.8287522363768158,0.6554911608578311,,
9,6.81403733245994,,,,0.08471354625326555,30,COMPLETE,0 days 00:00:03.777468,lgbm:A:S2,0.7468977981821954,26.0,250.0,65.0,0.12329098365270515,0.8854835899772805,,
10,6.197898707380496,,,,0.04595417865580672,inf,COMPLETE,0 days 00:00:09.891390,lgbm:A:S2,0.9919385621979621,8.0,450.0,85.0,0.007073926196180518,0.6031361279255282,,
11,6.085371455756772,,,,0.07599869587015695,60,COMPLETE,0 days 00:00:08.042670,lgbm:A:S2,0.7736101063793741,11.0,1400.0,17.0,1.3757012318589603,0.6702364428937232,,
12,6.1283010230308355,,,,0.026032880935782602,inf,COMPLETE,0 days 00:00:06.808951,lgbm:A:S2,0.7091684482687353,15.0,1250.0,18.0,0.01569911569382988,0.687103587907873,,
13,6.193435537587824,,,,0.02479384106233017,inf,COMPLETE,0 days 00:00:03.558095,lgbm:A:S2,0.7599283524909451,8.0,350.0,38.0,0.0028512058552328154,0.5173189311129204,,
14,5.936544424664096,,,,0.0374945951361179,inf,COMPLETE,0 days 00:00:16.345175,lgbm:A:S2,0.7492629184485466,12.0,650.0,125.0,0.23419781905652817,0.6971446528384315,,
15,5.980001333126833,,,,0.018129841288185025,inf,COMPLETE,0 days 00:00:16.435874,lgbm:A:S2,0.9013597900150141,19.0,850.0,92.0,0.0015900327197660557,0.5346933819310724,,
16,4.342358123028336,,,,0.016611306474409365,inf,PRUNED,0 days 00:00:01.097229,lgbm:A:S2,0.835453095610266,16.0,400.0,29.0,0.012058039103847014,0.7626182621329367,,
17,5.969204661637232,,,,0.03380233271058682,inf,COMPLETE,0 days 00:00:12.425318,lgbm:A:S2,0.858197232663259,14.0,600.0,88.0,0.006122775804736648,0.7408328723258532,,
18,5.846715736005024,,,,0.020173876026282154,inf,COMPLETE,0 days 00:00:18.677324,lgbm:A:S2,0.798246054383981,15.0,900.0,96.0,0.9634608997285464,0.7479879955555389,,
19,5.658628858578243,,,,0.013594212945310723,inf,COMPLETE,0 days 00:00:19.584339,lgbm:A:S2,0.6627335711428352,16.0,900.0,126.0,0.23798780548362308,0.701752181165814,,
20,5.732543491868376,,,,0.016712197919054813,inf,COMPLETE,0 days 00:00:10.974014,lgbm:A:S2,0.7075519007875837,13.0,550.0,106.0,0.011197839775064652,0.5576664933843829,,
21,5.666462987560583,,,,0.013892093437993629,inf,COMPLETE,0 days 00:00:14.252700,lgbm:A:S2,0.647156572322936,14.0,700.0,111.0,0.004926916819652211,0.6715388186250746,,
22,5.703327579728867,,,,0.019773337346800788,inf,COMPLETE,0 days 00:00:13.635331,lgbm:A:S2,0.6079556586227481,14.0,600.0,128.0,0.0019987251818215116,0.7954608462897033,,
23,5.722353578709137,,,,0.013444462626875152,inf,COMPLETE,0 days 00:00:09.779987,lgbm:A:S2,0.7413565757391807,13.0,450.0,105.0,0.0017349007179074246,0.8231858215902199,,
24,5.994031342001549,,,,0.010112030717896804,inf,COMPLETE,0 days 00:00:12.189516,lgbm:A:S2,0.6768041843149524,25.0,800.0,98.0,0.5239593703652766,0.641501237110548,,
25,5.809860022957699,,,,0.032480279483324256,inf,COMPLETE,0 days 00:00:08.462410,lgbm:A:S2,0.598665974232047,10.0,400.0,120.0,0.002031140392551664,0.714314873187326,,
26,5.843497069360464,,,,0.026479877051134266,inf,COMPLETE,0 days 00:00:11.567891,lgbm:A:S2,0.6418530952222656,23.0,650.0,111.0,0.0020159964159146447,0.7046205193636788,,
27,5.816935888669595,,,,0.015440564494176448,inf,COMPLETE,0 days 00:00:13.649571,lgbm:A:S2,0.638663866016805,13.0,900.0,75.0,0.009174052908552255,0.7442786244796538,,
28,5.8352650709907765,,,,0.011208530850291673,inf,COMPLETE,0 days 00:00:09.933653,lgbm:A:S2,0.5664879028028311,22.0,550.0,123.0,0.009102557462473447,0.7294134209802947,,
29,5.788174298834265,,,,0.016357737064846254,inf,COMPLETE,0 days 00:00:21.260373,lgbm:A:S2,0.6326349420186346,17.0,1050.0,123.0,0.03533025945110388,0.6215019811563511,,
0,20.225314362341667,,,,0.17254716573280354,30,COMPLETE,0 days 00:00:06.142808,lgbm:B:S0,0.5779972601681014,29.0,600.0,60.0,0.0017073967431528124,0.5780093202212182,,
1,18.929628740853406,,,,0.18276027831785724,30,COMPLETE,0 days 00:00:01.018677,lgbm:B:S0,0.5917022549267169,9.0,100.0,80.0,0.016480446427978974,0.5909124836035503,,
2,17.324279612330166,,,,0.01518747922672247,60,COMPLETE,0 days 00:00:03.956001,lgbm:B:S0,0.8925879806965068,14.0,950.0,17.0,0.006290644294586149,0.728034992108518,,
3,19.67130099524146,,,,0.016666983286066417,60,COMPLETE,0 days 00:00:02.678507,lgbm:B:S0,0.9041986740582306,86.0,950.0,9.0,0.01653693718282442,0.9828160165372797,,
4,19.691619038194585,,,,0.04407984038169244,60,COMPLETE,0 days 00:00:00.691719,lgbm:B:S0,0.831261142176991,76.0,250.0,8.0,0.017654048052495083,0.6293899908000085,,
5,23.39872368106317,,,,0.10196967939171485,inf,COMPLETE,0 days 00:00:10.492621,lgbm:B:S0,0.9609371175115584,72.0,1500.0,108.0,0.002259279742015696,0.7989499894055425,,
6,21.721949644577517,,,,0.022544116997360492,inf,COMPLETE,0 days 00:00:07.105406,lgbm:B:S0,0.7713480415791243,14.0,650.0,79.0,0.0036618192203924276,0.6404672548436904,,
7,18.734280782682255,,,,0.018135730867783396,60,COMPLETE,0 days 00:00:03.238876,lgbm:B:S0,0.8645035840204937,57.0,1200.0,8.0,1.2164139351417065,0.8534286719238086,,
8,19.16775978022338,,,,0.06470376604234768,60,COMPLETE,0 days 00:00:05.446102,lgbm:B:S0,0.6625916610133735,5.0,1350.0,19.0,0.8287522363768158,0.6554911608578311,,
9,18.179052199149577,,,,0.08471354625326555,30,COMPLETE,0 days 00:00:02.290526,lgbm:B:S0,0.7468977981821954,26.0,250.0,65.0,0.12329098365270515,0.8854835899772805,,
10,17.66106466749768,,,,0.010147703222328969,60,COMPLETE,0 days 00:00:04.621311,lgbm:B:S0,0.7973986456994712,20.0,1250.0,16.0,0.0014049775746832237,0.9358161952868606,,
11,17.928640843842487,,,,0.019906898935878443,60,COMPLETE,0 days 00:00:04.743613,lgbm:B:S0,0.8839904821966241,25.0,1400.0,14.0,0.01740779313703415,0.8364659231580942,,
12,18.7150628959244,,,,0.010440550913633467,60,COMPLETE,0 days 00:00:02.026197,lgbm:B:S0,0.7773997121707904,18.0,800.0,9.0,0.0011361960362340137,0.6475070588153204,,
13,18.828292708288412,,,,0.03521441029109895,60,COMPLETE,0 days 00:00:03.775032,lgbm:B:S0,0.838285263154889,11.0,1350.0,10.0,0.0026076393197533203,0.7275140404510586,,
14,18.09391703647103,,,,0.012196984820176034,60,COMPLETE,0 days 00:00:02.952246,lgbm:B:S0,0.9137330555926926,23.0,950.0,11.0,0.00629953873143292,0.809859417433163,,
15,18.45553386390951,,,,0.010459229571898685,60,COMPLETE,0 days 00:00:02.885227,lgbm:B:S0,0.7003715586132094,44.0,900.0,12.0,0.008446575195311497,0.7382535555168426,,
16,17.251494541764178,,,,0.011167518186715212,60,COMPLETE,0 days 00:00:05.873933,lgbm:B:S0,0.9698588380301559,46.0,1100.0,25.0,0.0318997552298402,0.8299421798325308,,
17,16.971851350886315,,,,0.015870512154485664,60,COMPLETE,0 days 00:00:05.695921,lgbm:B:S0,0.9666295838604844,35.0,950.0,31.0,0.004197794107648301,0.8511495739095194,,
18,17.496159005408373,,,,0.013025469645007066,60,COMPLETE,0 days 00:00:08.735506,lgbm:B:S0,0.9346721973039493,37.0,1150.0,43.0,0.032582410221868724,0.8726072404354941,,
19,11.679811242007679,,,,0.026108278425445875,60,PRUNED,0 days 00:00:01.746624,lgbm:B:S0,0.9539650015260414,82.0,900.0,33.0,0.020759383219760612,0.9284639655162573,,
20,17.918288193287022,,,,0.010373128508779458,60,COMPLETE,0 days 00:00:05.022048,lgbm:B:S0,0.8494187583367463,49.0,750.0,37.0,0.01873215777758289,0.7943044827495649,,
21,11.358093901052822,,,,0.015478784940578619,60,PRUNED,0 days 00:00:02.343973,lgbm:B:S0,0.9937502693677904,87.0,1350.0,33.0,0.003014553899517927,0.7882358193654379,,
22,11.652332754170608,,,,0.01835136578956891,60,PRUNED,0 days 00:00:01.728725,lgbm:B:S0,0.9930592514899987,91.0,1350.0,16.0,0.03897977125620297,0.8770434991471233,,
23,15.837498542157661,,,,0.012366553000280814,60,COMPLETE,0 days 00:00:06.268062,lgbm:B:S0,0.9827171117082489,26.0,800.0,43.0,0.002150045393747384,0.871067047777679,,
24,15.777092248153982,,,,0.015288300669172479,60,COMPLETE,0 days 00:00:05.387975,lgbm:B:S0,0.9808290476073045,24.0,900.0,30.0,0.004913209531684089,0.9123634099969342,,
25,16.06001335660341,,,,0.022588454068102382,60,COMPLETE,0 days 00:00:04.464774,lgbm:B:S0,0.9821744523205138,30.0,700.0,33.0,0.0018563195971898342,0.8642262803726881,,
26,16.445430481087737,,,,0.022197396736365213,60,COMPLETE,0 days 00:00:04.441620,lgbm:B:S0,0.9450854410392046,30.0,700.0,36.0,0.002179781683784303,0.9997461180065141,,
27,16.799937799092483,,,,0.014813498237890348,60,COMPLETE,0 days 00:00:05.043780,lgbm:B:S0,0.9027020031277961,20.0,800.0,34.0,0.0016700187631418983,0.8946643251603832,,
28,16.79787367839255,,,,0.028606137715318513,60,COMPLETE,0 days 00:00:04.753390,lgbm:B:S0,0.9107484846210783,16.0,800.0,33.0,0.0033270755867520992,0.8725365669978016,,
29,17.16850092808156,,,,0.03145339652282924,60,COMPLETE,0 days 00:00:03.704396,lgbm:B:S0,0.9938713279992486,34.0,850.0,19.0,0.0014631202004594666,0.9136026656055409,,
0,15.016220363360349,,,,0.17254716573280354,30,COMPLETE,0 days 00:00:06.485918,lgbm:B:S1,0.5779972601681014,29.0,600.0,60.0,0.0017073967431528124,0.5780093202212182,,
1,14.376463944360559,,,,0.18276027831785724,30,COMPLETE,0 days 00:00:01.075116,lgbm:B:S1,0.5917022549267169,9.0,100.0,80.0,0.016480446427978974,0.5909124836035503,,
2,13.359931587498806,,,,0.01518747922672247,60,COMPLETE,0 days 00:00:04.104983,lgbm:B:S1,0.8925879806965068,14.0,950.0,17.0,0.006290644294586149,0.728034992108518,,
3,14.010464592272301,,,,0.016666983286066417,60,COMPLETE,0 days 00:00:02.825957,lgbm:B:S1,0.9041986740582306,86.0,950.0,9.0,0.01653693718282442,0.9828160165372797,,
4,14.465653046289722,,,,0.04407984038169244,60,COMPLETE,0 days 00:00:00.677245,lgbm:B:S1,0.831261142176991,76.0,250.0,8.0,0.017654048052495083,0.6293899908000085,,
5,15.972714874300223,,,,0.10196967939171485,inf,COMPLETE,0 days 00:00:10.775721,lgbm:B:S1,0.9609371175115584,72.0,1500.0,108.0,0.002259279742015696,0.7989499894055425,,
6,15.24489210691983,,,,0.022544116997360492,inf,COMPLETE,0 days 00:00:07.483770,lgbm:B:S1,0.7713480415791243,14.0,650.0,79.0,0.0036618192203924276,0.6404672548436904,,
