number,value,params_depth,params_iterations,params_l2_leaf_reg,params_learning_rate,params_tau,state,duration,job,params_colsample_bytree,params_min_child_samples,params_n_estimators,params_num_leaves,params_reg_lambda,params_subsample,params_max_depth,params_min_child_weight
7,14.315562096115984,,,,0.018135730867783396,60,COMPLETE,0 days 00:00:03.372036,lgbm:B:S1,0.8645035840204937,57.0,1200.0,8.0,1.2164139351417065,0.8534286719238086,,
8,14.897544946025453,,,,0.06470376604234768,60,COMPLETE,0 days 00:00:05.594203,lgbm:B:S1,0.6625916610133735,5.0,1350.0,19.0,0.8287522363768158,0.6554911608578311,,
9,13.002790055511566,,,,0.08471354625326555,30,COMPLETE,0 days 00:00:02.536064,lgbm:B:S1,0.7468977981821954,26.0,250.0,65.0,0.12329098365270515,0.8854835899772805,,
10,13.710122521074643,,,,0.07443023862787855,30,COMPLETE,0 days 00:00:05.038471,lgbm:B:S1,0.6867434373740421,8.0,500.0,64.0,2.663389423534396,0.8493225874931489,,
11,13.415520198818252,,,,0.059213733482786655,30,COMPLETE,0 days 00:00:07.364223,lgbm:B:S1,0.798724798156135,40.0,750.0,63.0,0.07251608386111598,0.9281264253670923,,
12,15.372009911316717,,,,0.02608264342677255,inf,COMPLETE,0 days 00:00:04.106943,lgbm:B:S1,0.789976880191381,15.0,1300.0,12.0,0.008286865474112233,0.767356971324734,,
13,13.761944062433104,,,,0.019985107173972717,60,COMPLETE,0 days 00:00:19.264018,lgbm:B:S1,0.9875464568199557,17.0,1450.0,83.0,0.007931351459455364,0.7179854889827736,,
14,13.8366173402619,,,,0.013130942108899252,60,COMPLETE,0 days 00:00:03.936108,lgbm:B:S1,0.8655514354396854,9.0,1100.0,13.0,0.0016179487156449748,0.7272699048963286,,
15,12.335861452282764,,,,0.07394438289720652,30,COMPLETE,0 days 00:00:00.639573,lgbm:B:S1,0.8258664891858224,42.0,100.0,33.0,0.9320222173685555,0.8340796301860951,,
16,13.248877784785334,,,,0.11026681646040215,30,COMPLETE,0 days 00:00:00.717169,lgbm:B:S1,0.8491014383954663,21.0,150.0,19.0,0.7514775410645174,0.8429428223472704,,
17,13.610020989766092,,,,0.06409461899840269,30,COMPLETE,0 days 00:00:02.091155,lgbm:B:S1,0.676409065006245,34.0,250.0,52.0,0.8746598580335471,0.7701047769441997,,
18,12.317992038367777,,,,0.10935610000889426,30,COMPLETE,0 days 00:00:10.235670,lgbm:B:S1,0.8660414032639203,33.0,750.0,119.0,0.30442100146873585,0.9182504168199476,,
19,12.333890893319515,,,,0.1891559983770549,30,COMPLETE,0 days 00:00:01.233482,lgbm:B:S1,0.8405620236753893,26.0,200.0,36.0,0.1735111250193925,0.9545158395307077,,
20,13.524645278881325,,,,0.18280125920378967,30,COMPLETE,0 days 00:00:01.446450,lgbm:B:S1,0.8528572419942784,30.0,350.0,21.0,0.07405273591037899,0.9679897567184631,,
21,8.260271835495589,,,,0.06886817123454134,30,PRUNED,0 days 00:00:00.205425,lgbm:B:S1,0.8063875844073425,58.0,100.0,41.0,0.48900573886322607,0.7603613484922932,,
22,8.698860238839845,,,,0.12117141435504265,30,PRUNED,0 days 00:00:00.401270,lgbm:B:S1,0.9157865130199289,63.0,250.0,26.0,0.13753172619783638,0.943867027733829,,
23,12.99624593464515,,,,0.10212842037971741,30,COMPLETE,0 days 00:00:17.627883,lgbm:B:S1,0.9545971326366017,24.0,1100.0,118.0,0.3613982723029755,0.9387376866468838,,
24,13.190548991636797,,,,0.043695564533291396,30,COMPLETE,0 days 00:00:01.052356,lgbm:B:S1,0.8087853317461661,41.0,200.0,27.0,0.13229119149523538,0.8015048323871045,,
25,9.19643776249433,,,,0.16405432263986863,30,PRUNED,0 days 00:00:00.388552,lgbm:B:S1,0.9066305828929634,55.0,150.0,103.0,0.41056976937378464,0.9847363217497243,,
26,8.03680978730077,,,,0.11199045038942979,30,PRUNED,0 days 00:00:01.075878,lgbm:B:S1,0.9150253027780529,45.0,350.0,115.0,0.08448228915412535,0.9145873547072152,,
27,8.788834141657844,,,,0.0359615936693133,30,PRUNED,0 days 00:00:00.196684,lgbm:B:S1,0.8604026024890487,62.0,100.0,55.0,0.3931418005735527,0.8286246629213716,,
28,13.28226459165615,,,,0.1445578095413246,30,COMPLETE,0 days 00:00:05.758593,lgbm:B:S1,0.8359799601345868,22.0,600.0,63.0,0.09769182058273007,0.876517225317457,,
29,12.971135155016297,,,,0.14593899909013267,30,COMPLETE,0 days 00:00:05.479495,lgbm:B:S1,0.7440986030449175,35.0,750.0,47.0,0.20300736792821902,0.9946082131529413,,
0,11.788193107153141,,,,0.17254716573280354,30,COMPLETE,0 days 00:00:06.706143,lgbm:B:S2,0.5779972601681014,29.0,600.0,60.0,0.0017073967431528124,0.5780093202212182,,
1,10.679146428441419,,,,0.18276027831785724,30,COMPLETE,0 days 00:00:01.205534,lgbm:B:S2,0.5917022549267169,9.0,100.0,80.0,0.016480446427978974,0.5909124836035503,,
2,8.811885873473924,,,,0.01518747922672247,60,COMPLETE,0 days 00:00:04.325635,lgbm:B:S2,0.8925879806965068,14.0,950.0,17.0,0.006290644294586149,0.728034992108518,,
3,8.77492293993736,,,,0.016666983286066417,60,COMPLETE,0 days 00:00:03.111397,lgbm:B:S2,0.9041986740582306,86.0,950.0,9.0,0.01653693718282442,0.9828160165372797,,
4,9.508211019214974,,,,0.04407984038169244,60,COMPLETE,0 days 00:00:00.706681,lgbm:B:S2,0.831261142176991,76.0,250.0,8.0,0.017654048052495083,0.6293899908000085,,
5,10.285278449431052,,,,0.10196967939171485,inf,COMPLETE,0 days 00:00:11.275786,lgbm:B:S2,0.9609371175115584,72.0,1500.0,108.0,0.002259279742015696,0.7989499894055425,,
6,9.422698454983971,,,,0.022544116997360492,inf,COMPLETE,0 days 00:00:07.302276,lgbm:B:S2,0.7713480415791243,14.0,650.0,79.0,0.0036618192203924276,0.6404672548436904,,
7,8.772434769498263,,,,0.018135730867783396,60,COMPLETE,0 days 00:00:03.370281,lgbm:B:S2,0.8645035840204937,57.0,1200.0,8.0,1.2164139351417065,0.8534286719238086,,
8,9.323961375526892,,,,0.06470376604234768,60,COMPLETE,0 days 00:00:05.383627,lgbm:B:S2,0.6625916610133735,5.0,1350.0,19.0,0.8287522363768158,0.6554911608578311,,
9,6.770349627585448,,,,0.08471354625326555,30,PRUNED,0 days 00:00:00.735854,lgbm:B:S2,0.7468977981821954,26.0,250.0,65.0,0.12329098365270515,0.8854835899772805,,
10,8.78321334782529,,,,0.025982934280242318,60,COMPLETE,0 days 00:00:15.199595,lgbm:B:S2,0.8181583853200388,14.0,1300.0,91.0,0.5363016338702044,0.9467449947692435,,
11,8.709265196201207,,,,0.023297931155724025,60,COMPLETE,0 days 00:00:04.513528,lgbm:B:S2,0.883411730861815,65.0,1200.0,16.0,0.16938781126436947,0.917108820492309,,
12,6.603250130577251,,,,0.019629262577754946,60,PRUNED,0 days 00:00:01.054447,lgbm:B:S2,0.7774702138936133,91.0,1200.0,10.0,0.3619780323109341,0.9531915228194167,,
13,8.86307653264687,,,,0.014773989897777335,60,COMPLETE,0 days 00:00:04.014368,lgbm:B:S2,0.9960561133596202,37.0,1300.0,10.0,2.7088674668681962,0.8996792526987314,,
14,8.783083810276972,,,,0.016025618710424107,60,COMPLETE,0 days 00:00:02.913206,lgbm:B:S2,0.954862722704432,54.0,900.0,11.0,0.19546189121667099,0.8568000380319122,,
15,6.657805520118867,,,,0.027445369489959577,60,PRUNED,0 days 00:00:01.793478,lgbm:B:S2,0.9420355091116679,96.0,1450.0,18.0,1.1638936783810647,0.8534837765919903,,
16,9.000606429947874,,,,0.03449049265686544,60,COMPLETE,0 days 00:00:05.598296,lgbm:B:S2,0.9686501117911159,55.0,1100.0,25.0,1.0750980873141236,0.8457455115420145,,
17,8.722786115067597,,,,0.02071733939344066,60,COMPLETE,0 days 00:00:03.179136,lgbm:B:S2,0.8680985391636157,51.0,950.0,13.0,0.20653929939637913,0.7378701070908094,,
18,9.150680608779753,,,,0.0391629268092141,60,COMPLETE,0 days 00:00:05.484309,lgbm:B:S2,0.8759774610060757,54.0,1150.0,24.0,0.08911246935404402,0.7656627024457416,,
19,6.5885145142987644,,,,0.01491681689637482,60,PRUNED,0 days 00:00:01.321757,lgbm:B:S2,0.8315902543696057,75.0,1500.0,10.0,0.391160223333101,0.6795533942644594,,
20,6.479544522941889,,,,0.035310877458209225,60,PRUNED,0 days 00:00:02.348396,lgbm:B:S2,0.7974551538909705,69.0,1350.0,33.0,0.2636520598440252,0.9048182659936513,,
21,8.8836169484065,,,,0.015504032254847757,60,COMPLETE,0 days 00:00:05.399000,lgbm:B:S2,0.7959000327740887,47.0,1100.0,25.0,0.052879311968223285,0.8420983782489037,,
22,6.550933089227638,,,,0.018343175684663628,60,PRUNED,0 days 00:00:01.107772,lgbm:B:S2,0.8946322992481817,51.0,1350.0,8.0,3.078805320085167,0.7316896777499449,,
23,6.5029689631011625,,,,0.010759408837818328,60,PRUNED,0 days 00:00:00.991057,lgbm:B:S2,0.8480422563667172,30.0,1150.0,9.0,4.362460230788289,0.9152930405420131,,
24,6.6388147770239865,,,,0.027681412792638454,60,PRUNED,0 days 00:00:01.018912,lgbm:B:S2,0.8724958835026999,68.0,1100.0,11.0,0.7055523289472062,0.7646177277220942,,
25,6.496294728093392,,,,0.010109392243283496,60,PRUNED,0 days 00:00:01.256531,lgbm:B:S2,0.8630752423120627,55.0,1250.0,13.0,0.5006103805856092,0.8639355869052349,,
26,9.043363448436077,,,,0.020794734772460105,60,COMPLETE,0 days 00:00:03.606951,lgbm:B:S2,0.8843138328042571,46.0,950.0,16.0,0.0631498845282785,0.9983995339571252,,
27,6.521025443673524,,,,0.021859995618897312,60,PRUNED,0 days 00:00:01.460273,lgbm:B:S2,0.7852549241181488,88.0,1250.0,17.0,0.10818836749852116,0.9267103347260733,,
28,8.971857916094962,,,,0.022317683199100064,60,COMPLETE,0 days 00:00:04.348338,lgbm:B:S2,0.9548868717738749,31.0,900.0,22.0,0.2330668113101212,0.7160734740029197,,
29,6.571596267960285,,,,0.027784333011018993,60,PRUNED,0 days 00:00:01.509582,lgbm:B:S2,0.9153798152317904,82.0,1200.0,19.0,0.025434498645275368,0.7966987533186312,,
0,8.021999052231555,,,,0.17254716573280354,30,COMPLETE,0 days 00:00:04.854250,xgb:A:S0,0.5779972601681014,,600.0,,0.0017073967431528124,0.5780093202212182,8.0,10.401663679887308
1,8.26637882470434,,,,0.18276027831785724,30,COMPLETE,0 days 00:00:01.022020,xgb:A:S0,0.5917022549267169,,100.0,,0.016480446427978974,0.5909124836035503,9.0,2.2948683681130553
2,7.096411044390737,,,,0.01518747922672247,60,COMPLETE,0 days 00:00:05.826084,xgb:A:S0,0.8925879806965068,,950.0,,0.006290644294586149,0.728034992108518,5.0,4.192159350410974
3,8.114633804505688,,,,0.016666983286066417,60,COMPLETE,0 days 00:00:03.571319,xgb:A:S0,0.9041986740582306,,950.0,,0.01653693718282442,0.9828160165372797,3.0,40.938136085987814
4,8.499915580083119,,,,0.04407984038169244,60,COMPLETE,0 days 00:00:01.070694,xgb:A:S0,0.831261142176991,,250.0,,0.017654048052495083,0.6293899908000085,3.0,35.06776499297218
5,7.103829237490081,,,,0.10196967939171485,inf,COMPLETE,0 days 00:00:15.491373,xgb:A:S0,0.9609371175115584,,1500.0,,0.002259279742015696,0.7989499894055425,10.0,33.13483615508948
6,6.789766049916024,,,,0.022544116997360492,inf,COMPLETE,0 days 00:00:08.438509,xgb:A:S0,0.7713480415791243,,650.0,,0.0036618192203924276,0.6404672548436904,9.0,4.037506188440754
7,7.49002008180901,,,,0.018135730867783396,60,COMPLETE,0 days 00:00:04.600453,xgb:A:S0,0.8645035840204937,,1200.0,,1.2164139351417065,0.8534286719238086,3.0,24.29095036825495
8,7.607608502283696,,,,0.06470376604234768,60,COMPLETE,0 days 00:00:08.008792,xgb:A:S0,0.6625916610133735,,1350.0,,0.8287522363768158,0.6554911608578311,5.0,1.2822825454807552
9,7.712794749896221,,,,0.08471354625326555,30,COMPLETE,0 days 00:00:02.040718,xgb:A:S0,0.7468977981821954,,250.0,,0.12329098365270515,0.8854835899772805,9.0,8.98655264400719
10,7.626441953569736,,,,0.012259919339160272,inf,COMPLETE,0 days 00:00:06.176084,xgb:A:S0,0.6657749905614285,,450.0,,0.0037928309267392987,0.9461968525668845,8.0,2.4592266640710236
11,6.87742206756016,,,,0.010871879803017473,inf,COMPLETE,0 days 00:00:09.531708,xgb:A:S0,0.8291381955282269,,650.0,,0.0034095395093572136,0.6112335157334329,9.0,4.159701841533998
12,6.5566757719542785,,,,0.02234803229942933,inf,COMPLETE,0 days 00:00:04.614815,xgb:A:S0,0.7091684482687353,,400.0,,0.0049108045707428214,0.687103587907873,9.0,12.070054445303773
13,6.553387710511323,,,,0.01498409035905554,inf,COMPLETE,0 days 00:00:06.274700,xgb:A:S0,0.7392754250388877,,550.0,,0.006404184649237635,0.7462906216354239,10.0,24.70840534242257
14,6.458880836280727,,,,0.011314266414590868,inf,COMPLETE,0 days 00:00:08.751587,xgb:A:S0,0.722602061555782,,800.0,,0.05218857448033395,0.7515769219210737,9.0,15.963015331005769
15,11.37601013410659,,,,0.012048661902164429,inf,PRUNED,0 days 00:00:00.470056,xgb:A:S0,0.739281848739904,,150.0,,0.011341180194404625,0.8099914272051234,10.0,49.652983245121256
16,6.582319840488147,,,,0.011147125294125294,inf,COMPLETE,0 days 00:00:09.338444,xgb:A:S0,0.895796230696251,,750.0,,0.032308581474162504,0.8153835940684915,10.0,25.633113886057235
17,6.517689045180448,,,,0.01742006173945306,inf,COMPLETE,0 days 00:00:05.958788,xgb:A:S0,0.6700588052025662,,550.0,,0.07640189610103118,0.6541768188335106,9.0,10.085171585112217
18,6.547793966601294,,,,0.013409436011222613,inf,COMPLETE,0 days 00:00:07.684552,xgb:A:S0,0.7306968352667575,,750.0,,0.33738693399132436,0.7124257674423765,9.0,17.776372513018107
19,6.480498479721476,,,,0.02375972332549272,inf,COMPLETE,0 days 00:00:06.125685,xgb:A:S0,0.5402491516376792,,600.0,,0.1509086289154611,0.6823571774368005,9.0,6.37444441275191
20,6.633316365860476,,,,0.010378666672355258,inf,COMPLETE,0 days 00:00:11.715360,xgb:A:S0,0.6490249493193704,,1000.0,,0.027762725384770225,0.7279058229470535,9.0,6.378366987666585
21,6.622301989507559,,,,0.01693361276809041,inf,COMPLETE,0 days 00:00:09.996388,xgb:A:S0,0.625077726159478,,1100.0,,0.05402249003649436,0.738935713503511,10.0,32.637322867861386
22,6.541687364716073,,,,0.03457514398593591,inf,COMPLETE,0 days 00:00:06.360961,xgb:A:S0,0.5892935634716899,,700.0,,0.14849466866887634,0.7035189866040658,9.0,17.046516808266144
23,6.59160737594297,,,,0.031953338105916794,inf,COMPLETE,0 days 00:00:03.730044,xgb:A:S0,0.6660810007199672,,350.0,,0.09559578170317323,0.7048719839971092,9.0,17.752569281354415
24,6.904554873715358,,,,0.017302886980871117,inf,COMPLETE,0 days 00:00:05.422434,xgb:A:S0,0.5032544581792346,,450.0,,0.49539885134973266,0.7130835129306468,9.0,4.205214731560458
25,6.529910490753225,,,,0.011609891943700733,inf,COMPLETE,0 days 00:00:10.642693,xgb:A:S0,0.6911994251762859,,1000.0,,0.3971756962244899,0.79696658555321,9.0,11.606139102889763
26,6.513339550137239,,,,0.02747281152546707,inf,COMPLETE,0 days 00:00:05.053697,xgb:A:S0,0.530411476619125,,400.0,,0.023339179456502365,0.6742007043573831,10.0,7.09346493117716
27,6.666699203305499,,,,0.020774337635770974,inf,COMPLETE,0 days 00:00:03.928844,xgb:A:S0,0.5942877387652302,,300.0,,0.14629928969376785,0.6074085905629366,9.0,6.518678780019153
28,6.477661704731767,,,,0.012486093662614542,inf,COMPLETE,0 days 00:00:11.260368,xgb:A:S0,0.5364094554866656,,850.0,,0.06005094691595786,0.6184708054724545,10.0,5.758199369580511
29,6.823073061400688,,,,0.022993639077359126,inf,COMPLETE,0 days 00:00:09.024990,xgb:A:S0,0.516207261589966,,800.0,,0.28943527325466345,0.7410261569849803,9.0,4.74608741326983
0,8.106730065658965,,,,0.17254716573280354,30,COMPLETE,0 days 00:00:05.091080,xgb:A:S1,0.5779972601681014,,600.0,,0.0017073967431528124,0.5780093202212182,8.0,10.401663679887308
1,7.693234993438382,,,,0.18276027831785724,30,COMPLETE,0 days 00:00:01.211013,xgb:A:S1,0.5917022549267169,,100.0,,0.016480446427978974,0.5909124836035503,9.0,2.2948683681130553
2,7.143104343503604,,,,0.01518747922672247,60,COMPLETE,0 days 00:00:06.135138,xgb:A:S1,0.8925879806965068,,950.0,,0.006290644294586149,0.728034992108518,5.0,4.192159350410974
3,7.900995869950749,,,,0.016666983286066417,60,COMPLETE,0 days 00:00:03.695250,xgb:A:S1,0.9041986740582306,,950.0,,0.01653693718282442,0.9828160165372797,3.0,40.938136085987814
4,8.309962527197152,,,,0.04407984038169244,60,COMPLETE,0 days 00:00:01.102891,xgb:A:S1,0.831261142176991,,250.0,,0.017654048052495083,0.6293899908000085,3.0,35.06776499297218
5,6.94375243357175,,,,0.10196967939171485,inf,COMPLETE,0 days 00:00:16.986068,xgb:A:S1,0.9609371175115584,,1500.0,,0.002259279742015696,0.7989499894055425,10.0,33.13483615508948
6,6.669728625889778,,,,0.022544116997360492,inf,COMPLETE,0 days 00:00:08.862601,xgb:A:S1,0.7713480415791243,,650.0,,0.0036618192203924276,0.6404672548436904,9.0,4.037506188440754
7,7.415702930533482,,,,0.018135730867783396,60,COMPLETE,0 days 00:00:04.838845,xgb:A:S1,0.8645035840204937,,1200.0,,1.2164139351417065,0.8534286719238086,3.0,24.29095036825495
8,7.14973114063132,,,,0.06470376604234768,60,COMPLETE,0 days 00:00:08.618816,xgb:A:S1,0.6625916610133735,,1350.0,,0.8287522363768158,0.6554911608578311,5.0,1.2822825454807552
9,7.408275199546207,,,,0.08471354625326555,30,COMPLETE,0 days 00:00:02.227200,xgb:A:S1,0.7468977981821954,,250.0,,0.12329098365270515,0.8854835899772805,9.0,8.98655264400719
10,7.5389529683517,,,,0.012259919339160272,inf,COMPLETE,0 days 00:00:06.842797,xgb:A:S1,0.6657749905614285,,450.0,,0.0037928309267392987,0.9461968525668845,8.0,2.4592266640710236
11,6.81713153068134,,,,0.11508004743780821,inf,COMPLETE,0 days 00:00:07.402247,xgb:A:S1,0.9634591129784033,,550.0,,0.004027000843533533,0.7085295211038566,9.0,8.503604689781524
12,7.320299293359969,,,,0.14066235853634235,inf,COMPLETE,0 days 00:00:13.505048,xgb:A:S1,0.9648920958035834,,800.0,,0.008649218697878358,0.6639170739258075,10.0,7.207548186637677
13,6.732916161384385,,,,0.09121025318730756,inf,COMPLETE,0 days 00:00:05.739663,xgb:A:S1,0.7663421629279236,,550.0,,0.03009399703946982,0.6224286363090745,9.0,13.218111937681519
14,6.815780211826706,,,,0.013567369494228067,inf,COMPLETE,0 days 00:00:04.141618,xgb:A:S1,0.7839525630502258,,400.0,,0.001428751422412725,0.6551706938844502,7.0,7.892610982141864
15,7.0225848077356305,,,,0.1269259827734881,inf,COMPLETE,0 days 00:00:05.263156,xgb:A:S1,0.7174663949535158,,550.0,,0.22149517550271725,0.6528049730169865,9.0,24.100989821462694
16,7.346166187480326,,,,0.01801812099875388,inf,COMPLETE,0 days 00:00:07.009360,xgb:A:S1,0.835453095610266,,300.0,,0.005465484424413928,0.7626182621329367,9.0,2.123141096911076
17,6.7225153651833685,,,,0.050811800695010095,inf,COMPLETE,0 days 00:00:09.854982,xgb:A:S1,0.8716431365194538,,700.0,,0.004059941900319983,0.6812665591912943,9.0,8.528153222374248
18,6.469630479403738,,,,0.024515048021172495,inf,COMPLETE,0 days 00:00:11.716447,xgb:A:S1,0.8903473000562181,,900.0,,0.031847564514730003,0.7345891000835721,9.0,15.61623382281244
19,6.535036204921024,,,,0.03572839801759182,inf,COMPLETE,0 days 00:00:16.012952,xgb:A:S1,0.9269559834338639,,900.0,,0.09705704272361046,0.848762869722121,10.0,10.144745026373375
20,6.57869097395704,,,,0.036761562955389106,inf,COMPLETE,0 days 00:00:14.426986,xgb:A:S1,0.802596543901507,,1200.0,,0.06316787779378057,0.7966146636202345,9.0,26.763909449414236
21,6.601605446619441,,,,0.028454172995144605,inf,COMPLETE,0 days 00:00:14.677084,xgb:A:S1,0.7791877463603852,,1150.0,,0.03416695137940922,0.7227273744541278,10.0,32.24984629901125
22,6.491282895044747,,,,0.026040686314536904,inf,COMPLETE,0 days 00:00:11.526944,xgb:A:S1,0.8695508691998649,,600.0,,0.03277091634458078,0.8625801546548936,10.0,9.182561769751374
23,6.556921990389554,,,,0.06078129895473888,inf,COMPLETE,0 days 00:00:09.824751,xgb:A:S1,0.8843632654872462,,650.0,,0.12015831330638763,0.881231607034903,10.0,17.84382500247963
24,6.474484104343972,,,,0.024692197000189587,inf,COMPLETE,0 days 00:00:07.397744,xgb:A:S1,0.9477657753046183,,450.0,,0.03586550071437917,0.9066854081906108,9.0,12.602570463772839
25,6.624141003176772,,,,0.032884678026681054,inf,COMPLETE,0 days 00:00:08.931038,xgb:A:S1,0.9766156672003181,,500.0,,0.005422541234943023,0.8601907273305188,9.0,7.511464664002143
26,6.523801517381517,,,,0.023833312569683948,inf,COMPLETE,0 days 00:00:09.389700,xgb:A:S1,0.9315007669521972,,550.0,,0.01239888764601547,0.9998587961785939,9.0,11.895164147020848
27,6.556473985006214,,,,0.019117287518131864,inf,COMPLETE,0 days 00:00:06.551295,xgb:A:S1,0.9234938857966446,,350.0,,0.2190534654063446,0.815834421451799,9.0,11.206431629072396
28,6.508673903019402,,,,0.01951452285579283,inf,COMPLETE,0 days 00:00:09.220259,xgb:A:S1,0.764810070956262,,550.0,,0.07864456645644688,0.8341231675824818,9.0,7.6298611853057805
29,6.45964472867695,,,,0.033977499962979815,inf,COMPLETE,0 days 00:00:04.647292,xgb:A:S1,0.9916622941179742,,250.0,,0.005289047583689304,0.9379459895567663,9.0,17.954066021447098
0,7.502287878609522,,,,0.17254716573280354,30,COMPLETE,0 days 00:00:05.496604,xgb:A:S2,0.5779972601681014,,600.0,,0.0017073967431528124,0.5780093202212182,8.0,10.401663679887308
1,7.438775368045658,,,,0.18276027831785724,30,COMPLETE,0 days 00:00:01.379834,xgb:A:S2,0.5917022549267169,,100.0,,0.016480446427978974,0.5909124836035503,9.0,2.2948683681130553
2,6.586060703352895,,,,0.01518747922672247,60,COMPLETE,0 days 00:00:08.214380,xgb:A:S2,0.8925879806965068,,950.0,,0.006290644294586149,0.728034992108518,5.0,4.192159350410974
3,7.4319115391145765,,,,0.016666983286066417,60,COMPLETE,0 days 00:00:04.969548,xgb:A:S2,0.9041986740582306,,950.0,,0.01653693718282442,0.9828160165372797,3.0,40.938136085987814
4,8.01287495461387,,,,0.04407984038169244,60,COMPLETE,0 days 00:00:01.457800,xgb:A:S2,0.831261142176991,,250.0,,0.017654048052495083,0.6293899908000085,3.0,35.06776499297218
5,6.429500552134283,,,,0.10196967939171485,inf,COMPLETE,0 days 00:00:20.480874,xgb:A:S2,0.9609371175115584,,1500.0,,0.002259279742015696,0.7989499894055425,10.0,33.13483615508948
6,6.048807250470585,,,,0.022544116997360492,inf,COMPLETE,0 days 00:00:11.716070,xgb:A:S2,0.7713480415791243,,650.0,,0.0036618192203924276,0.6404672548436904,9.0,4.037506188440754
7,7.077798058438579,,,,0.018135730867783396,60,COMPLETE,0 days 00:00:06.272902,xgb:A:S2,0.8645035840204937,,1200.0,,1.2164139351417065,0.8534286719238086,3.0,24.29095036825495
8,6.544993411789705,,,,0.06470376604234768,60,COMPLETE,0 days 00:00:10.298968,xgb:A:S2,0.6625916610133735,,1350.0,,0.8287522363768158,0.6554911608578311,5.0,1.2822825454807552
9,7.12256374490929,,,,0.08471354625326555,30,COMPLETE,0 days 00:00:02.694775,xgb:A:S2,0.7468977981821954,,250.0,,0.12329098365270515,0.8854835899772805,9.0,8.98655264400719
10,6.4757842820925475,,,,0.012259919339160272,inf,COMPLETE,0 days 00:00:08.514024,xgb:A:S2,0.6657749905614285,,450.0,,0.0037928309267392987,0.9461968525668845,8.0,2.4592266640710236
11,6.513106543633401,,,,0.11508004743780821,inf,COMPLETE,0 days 00:00:09.740437,xgb:A:S2,0.9634591129784033,,550.0,,0.004027000843533533,0.7085295211038566,9.0,8.503604689781524
12,6.448895384234514,,,,0.16911577402488953,inf,COMPLETE,0 days 00:00:17.955569,xgb:A:S2,0.9862714497598334,,1150.0,,0.0067600046907724575,0.788535606124067,10.0,21.761787851034384
