number,value,params_depth,params_iterations,params_l2_leaf_reg,params_learning_rate,params_tau,state,duration,job,params_colsample_bytree,params_min_child_samples,params_n_estimators,params_num_leaves,params_reg_lambda,params_subsample,params_max_depth,params_min_child_weight
0,7.684732904755772,7.0,700.0,3.968793330444372,0.17254716573280354,30,COMPLETE,0 days 00:00:31.841270,cat:A:S0,,,,,,,,
1,7.789510592708822,7.0,1350.0,1.0485387725194617,0.06054365855469246,30,COMPLETE,0 days 00:00:53.761649,cat:A:S0,,,,,,,,
2,8.51954102405393,5.0,400.0,3.347776308515933,0.017322667470546258,inf,COMPLETE,0 days 00:00:07.524444,cat:A:S0,,,,,,,,
3,8.556867779283428,5.0,350.0,2.858051065806936,0.023993242906812727,30,COMPLETE,0 days 00:00:06.361440,cat:A:S0,,,,,,,,
4,7.773311354689653,7.0,950.0,1.4808945119975185,0.011492999300221412,inf,COMPLETE,0 days 00:00:44.260320,cat:A:S0,,,,,,,,
5,7.597452737624493,4.0,1250.0,4.833180632488465,0.0249064396938244,inf,COMPLETE,0 days 00:00:15.339701,cat:A:S0,,,,,,,,
6,7.677904300361685,5.0,200.0,4.597505784732165,0.15242391728466367,inf,COMPLETE,0 days 00:00:03.693388,cat:A:S0,,,,,,,,
7,7.056772246016913,7.0,400.0,8.699593128513321,0.18258230439200238,inf,COMPLETE,0 days 00:00:18.830252,cat:A:S0,,,,,,,,
8,6.967308241129025,4.0,300.0,2.1150972021685583,0.017987863473362915,inf,PRUNED,0 days 00:00:01.344206,cat:A:S0,,,,,,,,
9,7.596293673938383,6.0,650.0,1.383324997521996,0.023200867504756827,inf,COMPLETE,0 days 00:00:18.911090,cat:A:S0,,,,,,,,
10,8.147238888191628,8.0,1050.0,7.74167268962693,0.1859732764826794,inf,COMPLETE,0 days 00:01:26.986916,cat:A:S0,,,,,,,,
11,7.075185140546545,7.0,350.0,9.333754756720001,0.14794134637755382,inf,COMPLETE,0 days 00:00:16.334241,cat:A:S0,,,,,,,,
12,7.026324622669562,7.0,350.0,8.602998892799699,0.17812518763899113,inf,COMPLETE,0 days 00:00:16.063215,cat:A:S0,,,,,,,,
13,7.883402260247561,7.0,750.0,6.5073704896887135,0.10057609835121192,30,COMPLETE,0 days 00:00:32.659042,cat:A:S0,,,,,,,,
14,7.553970369620074,7.0,300.0,3.695605337121769,0.05985131410002536,inf,COMPLETE,0 days 00:00:14.340114,cat:A:S0,,,,,,,,
15,7.27182673095804,6.0,650.0,6.647482178524924,0.11680452890875813,inf,COMPLETE,0 days 00:00:17.760267,cat:A:S0,,,,,,,,
16,5.2752979002727365,8.0,300.0,6.8022772345452145,0.08270969958874175,60,PRUNED,0 days 00:00:07.669160,cat:A:S0,,,,,,,,
17,7.911395072199306,8.0,750.0,9.955085810497241,0.09835994948297092,60,COMPLETE,0 days 00:00:55.171036,cat:A:S0,,,,,,,,
18,7.382376436535384,6.0,300.0,6.094079036709076,0.09405110170805314,inf,COMPLETE,0 days 00:00:08.250487,cat:A:S0,,,,,,,,
19,7.1594277865739135,7.0,800.0,7.7302428614329814,0.06322793539151116,inf,COMPLETE,0 days 00:00:35.762307,cat:A:S0,,,,,,,,
20,5.614236239448149,7.0,250.0,9.121533212519138,0.06390811100292937,inf,PRUNED,0 days 00:00:03.711763,cat:A:S0,,,,,,,,
21,5.7802113107978546,6.0,250.0,9.74959085412072,0.15394361342789964,30,PRUNED,0 days 00:00:02.212994,cat:A:S0,,,,,,,,
22,6.980493224081723,7.0,350.0,6.420087402019178,0.1964391233945229,inf,COMPLETE,0 days 00:00:16.682631,cat:A:S0,,,,,,,,
23,6.957412150741546,7.0,550.0,5.0073199910975665,0.0987299743265636,inf,COMPLETE,0 days 00:00:25.198188,cat:A:S0,,,,,,,,
24,7.04055304973459,7.0,650.0,9.160442752593317,0.10322821815604612,inf,COMPLETE,0 days 00:00:29.346224,cat:A:S0,,,,,,,,
25,7.398048905651894,8.0,550.0,4.799163518633136,0.12913055038787574,inf,COMPLETE,0 days 00:00:43.431682,cat:A:S0,,,,,,,,
26,6.944842198874191,7.0,650.0,4.583821431816678,0.06640931051941203,inf,COMPLETE,0 days 00:00:28.741728,cat:A:S0,,,,,,,,
27,6.693444664221965,7.0,850.0,3.515757068135202,0.08948958522954663,inf,COMPLETE,0 days 00:00:37.858807,cat:A:S0,,,,,,,,
28,7.0733237748921916,7.0,500.0,4.931101837676725,0.07844528213770383,inf,COMPLETE,0 days 00:00:22.122749,cat:A:S0,,,,,,,,
29,6.821848387391086,7.0,850.0,3.090754894095713,0.07658818426919631,inf,COMPLETE,0 days 00:00:37.904279,cat:A:S0,,,,,,,,
0,8.07572136700023,7.0,700.0,3.968793330444372,0.17254716573280354,30,COMPLETE,0 days 00:00:34.522510,cat:A:S1,,,,,,,,
1,7.5338149263508285,7.0,1350.0,1.0485387725194617,0.06054365855469246,30,COMPLETE,0 days 00:00:57.443839,cat:A:S1,,,,,,,,
2,8.397202657104822,5.0,400.0,3.347776308515933,0.017322667470546258,inf,COMPLETE,0 days 00:00:07.812992,cat:A:S1,,,,,,,,
3,8.538442925189692,5.0,350.0,2.858051065806936,0.023993242906812727,30,COMPLETE,0 days 00:00:06.883208,cat:A:S1,,,,,,,,
4,7.483928005230816,7.0,950.0,1.4808945119975185,0.011492999300221412,inf,COMPLETE,0 days 00:00:46.956645,cat:A:S1,,,,,,,,
5,7.154356606216008,4.0,1250.0,4.833180632488465,0.0249064396938244,inf,COMPLETE,0 days 00:00:16.050669,cat:A:S1,,,,,,,,
6,6.997658573798919,5.0,200.0,4.597505784732165,0.15242391728466367,inf,COMPLETE,0 days 00:00:03.949153,cat:A:S1,,,,,,,,
7,7.323164491455628,7.0,400.0,8.699593128513321,0.18258230439200238,inf,COMPLETE,0 days 00:00:20.601297,cat:A:S1,,,,,,,,
8,6.954696388836878,4.0,300.0,2.1150972021685583,0.017987863473362915,inf,PRUNED,0 days 00:00:01.301824,cat:A:S1,,,,,,,,
9,7.14827415607031,6.0,650.0,1.383324997521996,0.023200867504756827,inf,COMPLETE,0 days 00:00:19.910198,cat:A:S1,,,,,,,,
10,6.985044451943339,7.0,1050.0,7.500837999038046,0.1857903865288356,inf,COMPLETE,0 days 00:00:52.490424,cat:A:S1,,,,,,,,
11,6.588390978376386,6.0,1000.0,8.784770658146659,0.14551515328669376,inf,COMPLETE,0 days 00:00:29.593454,cat:A:S1,,,,,,,,
12,7.1716903762726085,7.0,850.0,8.106305064923577,0.10436923401835314,inf,COMPLETE,0 days 00:00:40.889906,cat:A:S1,,,,,,,,
13,7.020824094033402,8.0,1300.0,7.543084085067334,0.15129529219046273,inf,COMPLETE,0 days 00:01:52.310779,cat:A:S1,,,,,,,,
14,6.705292485730837,5.0,650.0,5.9650679644117925,0.18207761837446812,inf,COMPLETE,0 days 00:00:11.900898,cat:A:S1,,,,,,,,
15,6.755809124090409,5.0,900.0,4.921868061365112,0.17997978502393566,inf,COMPLETE,0 days 00:00:16.488239,cat:A:S1,,,,,,,,
16,6.978026886817196,6.0,1100.0,4.891536175707037,0.09750144791760382,inf,COMPLETE,0 days 00:00:32.251484,cat:A:S1,,,,,,,,
17,6.965786101629863,5.0,1000.0,9.001301897662145,0.08392575254538864,inf,COMPLETE,0 days 00:00:19.424821,cat:A:S1,,,,,,,,
18,4.869193240353491,4.0,600.0,7.441752740689813,0.11356548262307757,inf,PRUNED,0 days 00:00:02.308789,cat:A:S1,,,,,,,,
19,6.730669567248385,5.0,1450.0,8.750149121720801,0.09872883660194058,inf,COMPLETE,0 days 00:00:26.763926,cat:A:S1,,,,,,,,
20,5.45082804158703,6.0,900.0,7.54332148947969,0.06735355144625195,30,PRUNED,0 days 00:00:07.756995,cat:A:S1,,,,,,,,
21,6.641616910381258,5.0,1500.0,6.951126635121675,0.19733501448998078,inf,COMPLETE,0 days 00:00:27.643526,cat:A:S1,,,,,,,,
22,7.047786890819843,5.0,1350.0,6.30696384406821,0.1512802412911653,60,COMPLETE,0 days 00:00:23.709399,cat:A:S1,,,,,,,,
23,6.910675225561879,5.0,1500.0,8.680213638933823,0.186153507129848,inf,COMPLETE,0 days 00:00:26.852025,cat:A:S1,,,,,,,,
24,6.523999401544241,5.0,1450.0,4.114255114255556,0.0741731228317543,inf,COMPLETE,0 days 00:00:26.303437,cat:A:S1,,,,,,,,
25,6.740087361201244,4.0,1350.0,2.9882036907821656,0.10587886704673534,inf,COMPLETE,0 days 00:00:16.579304,cat:A:S1,,,,,,,,
26,6.714667520931933,4.0,1250.0,9.851389409746744,0.1975708001420599,inf,COMPLETE,0 days 00:00:15.221188,cat:A:S1,,,,,,,,
27,6.608806419854557,6.0,1300.0,5.362882134933808,0.16125789947875632,inf,COMPLETE,0 days 00:00:36.841105,cat:A:S1,,,,,,,,
28,6.672133875956109,5.0,1200.0,3.8928035793175524,0.17977576721282681,inf,COMPLETE,0 days 00:00:21.831999,cat:A:S1,,,,,,,,
29,7.356088712849278,6.0,900.0,9.631164710519835,0.1497882459444914,60,COMPLETE,0 days 00:00:24.154290,cat:A:S1,,,,,,,,
0,7.6634792381087955,7.0,700.0,3.968793330444372,0.17254716573280354,30,COMPLETE,0 days 00:00:34.446441,cat:A:S2,,,,,,,,
1,7.3078559504250125,7.0,1350.0,1.0485387725194617,0.06054365855469246,30,COMPLETE,0 days 00:00:58.118907,cat:A:S2,,,,,,,,
2,7.801645351513156,5.0,400.0,3.347776308515933,0.017322667470546258,inf,COMPLETE,0 days 00:00:07.906723,cat:A:S2,,,,,,,,
3,8.163285617297868,5.0,350.0,2.858051065806936,0.023993242906812727,30,COMPLETE,0 days 00:00:06.768112,cat:A:S2,,,,,,,,
4,6.737825143548211,7.0,950.0,1.4808945119975185,0.011492999300221412,inf,COMPLETE,0 days 00:00:47.238096,cat:A:S2,,,,,,,,
5,6.8093441229287635,4.0,1250.0,4.833180632488465,0.0249064396938244,inf,COMPLETE,0 days 00:00:16.093444,cat:A:S2,,,,,,,,
6,6.895753225115257,5.0,200.0,4.597505784732165,0.15242391728466367,inf,COMPLETE,0 days 00:00:03.957782,cat:A:S2,,,,,,,,
7,6.300715774941998,7.0,400.0,8.699593128513321,0.18258230439200238,inf,COMPLETE,0 days 00:00:20.664331,cat:A:S2,,,,,,,,
8,6.784449034517008,4.0,300.0,2.1150972021685583,0.017987863473362915,inf,PRUNED,0 days 00:00:01.299458,cat:A:S2,,,,,,,,
9,6.656246964167206,6.0,650.0,1.383324997521996,0.023200867504756827,inf,COMPLETE,0 days 00:00:19.934400,cat:A:S2,,,,,,,,
10,6.332317381084351,8.0,1050.0,7.74167268962693,0.1859732764826794,inf,COMPLETE,0 days 00:01:32.962297,cat:A:S2,,,,,,,,
11,6.3568474255284615,7.0,450.0,9.685153380908528,0.1743775755419967,inf,COMPLETE,0 days 00:00:21.517137,cat:A:S2,,,,,,,,
12,6.3412061435974865,8.0,1150.0,5.613371489100392,0.16152273173085832,inf,COMPLETE,0 days 00:01:39.774525,cat:A:S2,,,,,,,,
13,7.635524639121312,7.0,1350.0,9.970304104042505,0.06164023907173291,30,COMPLETE,0 days 00:01:03.156860,cat:A:S2,,,,,,,,
14,6.905215312133213,8.0,300.0,8.896631194748306,0.06171271337786098,inf,COMPLETE,0 days 00:00:26.555409,cat:A:S2,,,,,,,,
15,6.307615158814577,8.0,850.0,7.690923378922686,0.07513384495984193,inf,COMPLETE,0 days 00:01:12.536013,cat:A:S2,,,,,,,,
16,6.269846248379737,7.0,650.0,5.706441575482219,0.09626395758505475,inf,COMPLETE,0 days 00:00:30.909658,cat:A:S2,,,,,,,,
17,6.651504966489852,6.0,500.0,8.988594230536243,0.0948087384847361,inf,COMPLETE,0 days 00:00:13.965592,cat:A:S2,,,,,,,,
18,6.272796489052264,6.0,600.0,5.065987321367634,0.14471060080039982,inf,COMPLETE,0 days 00:00:17.065135,cat:A:S2,,,,,,,,
19,4.7828323032863365,7.0,450.0,5.263330334324423,0.047062217840066874,inf,PRUNED,0 days 00:00:06.767968,cat:A:S2,,,,,,,,
20,6.100573566579365,7.0,550.0,3.453063682604255,0.09767507170259497,inf,COMPLETE,0 days 00:00:26.075474,cat:A:S2,,,,,,,,
21,6.272687449114176,6.0,600.0,5.604005355821085,0.10938074640830385,inf,COMPLETE,0 days 00:00:17.045294,cat:A:S2,,,,,,,,
22,6.192841420238114,8.0,750.0,2.6504109677073884,0.14589826567785885,inf,COMPLETE,0 days 00:01:03.558569,cat:A:S2,,,,,,,,
23,5.965033782590894,8.0,650.0,2.040339996887239,0.18999276335690776,inf,COMPLETE,0 days 00:00:55.835847,cat:A:S2,,,,,,,,
24,6.0160145873001865,8.0,700.0,2.5567490063923524,0.17419505736805502,inf,COMPLETE,0 days 00:01:02.449959,cat:A:S2,,,,,,,,
25,4.410726302285498,7.0,250.0,2.4472363896789906,0.0895744967867213,inf,PRUNED,0 days 00:00:04.731941,cat:A:S2,,,,,,,,
26,5.8940646609750935,8.0,550.0,1.8702880449158337,0.17495897283131406,inf,COMPLETE,0 days 00:00:55.265463,cat:A:S2,,,,,,,,
27,6.037929291270683,8.0,750.0,1.5789556457035676,0.1550353428109382,inf,COMPLETE,0 days 00:01:15.609433,cat:A:S2,,,,,,,,
28,6.179679670970856,8.0,450.0,1.7162019051461084,0.16791702337542058,inf,COMPLETE,0 days 00:00:45.960856,cat:A:S2,,,,,,,,
29,5.972086836212747,8.0,800.0,3.7110371141982625,0.18183724614681152,inf,COMPLETE,0 days 00:01:20.656971,cat:A:S2,,,,,,,,
0,18.405386056016663,7.0,700.0,3.968793330444372,0.17254716573280354,30,COMPLETE,0 days 00:00:18.193405,cat:B:S0,,,,,,,,
1,18.570462994036998,7.0,1350.0,1.0485387725194617,0.06054365855469246,30,COMPLETE,0 days 00:00:33.322580,cat:B:S0,,,,,,,,
2,21.250973339542465,5.0,400.0,3.347776308515933,0.017322667470546258,inf,COMPLETE,0 days 00:00:04.965051,cat:B:S0,,,,,,,,
3,19.005389011972085,5.0,350.0,2.858051065806936,0.023993242906812727,30,COMPLETE,0 days 00:00:04.245655,cat:B:S0,,,,,,,,
4,20.654509383326943,7.0,950.0,1.4808945119975185,0.011492999300221412,inf,COMPLETE,0 days 00:00:23.446809,cat:B:S0,,,,,,,,
5,22.175870222316153,4.0,1250.0,4.833180632488465,0.0249064396938244,inf,COMPLETE,0 days 00:00:10.973506,cat:B:S0,,,,,,,,
6,21.895743260741828,5.0,200.0,4.597505784732165,0.15242391728466367,inf,COMPLETE,0 days 00:00:02.483905,cat:B:S0,,,,,,,,
7,21.393036263932984,7.0,400.0,8.699593128513321,0.18258230439200238,inf,COMPLETE,0 days 00:00:09.903928,cat:B:S0,,,,,,,,
8,22.723109498791406,4.0,300.0,2.1150972021685583,0.017987863473362915,inf,COMPLETE,0 days 00:00:02.742000,cat:B:S0,,,,,,,,
9,20.584978388753672,6.0,650.0,1.383324997521996,0.023200867504756827,inf,COMPLETE,0 days 00:00:11.065403,cat:B:S0,,,,,,,,
10,18.24803255597398,8.0,300.0,4.466735125341257,0.04315633073799323,30,COMPLETE,0 days 00:00:11.934147,cat:B:S0,,,,,,,,
11,10.828586725012752,8.0,650.0,3.275341919925736,0.07755925321338325,30,PRUNED,0 days 00:00:07.988845,cat:B:S0,,,,,,,,
12,18.22075152180783,8.0,400.0,5.988737804437022,0.04341199180293547,30,COMPLETE,0 days 00:00:15.957128,cat:B:S0,,,,,,,,
13,18.437364473883687,8.0,250.0,7.185000020132609,0.048388625660129275,30,COMPLETE,0 days 00:00:09.999040,cat:B:S0,,,,,,,,
14,18.32066583427823,7.0,500.0,5.294994034467034,0.08068331877638413,60,COMPLETE,0 days 00:00:12.470589,cat:B:S0,,,,,,,,
15,18.15587671102589,8.0,600.0,3.3558140432973844,0.01700863392941786,30,COMPLETE,0 days 00:00:24.964685,cat:B:S0,,,,,,,,
16,18.392638468100426,8.0,900.0,9.028260127294363,0.01578053465435694,30,COMPLETE,0 days 00:00:36.545590,cat:B:S0,,,,,,,,
17,18.210310388078668,7.0,500.0,8.287985871133666,0.031659717093908815,30,COMPLETE,0 days 00:00:12.472346,cat:B:S0,,,,,,,,
18,10.931743290725517,7.0,800.0,4.305354074727353,0.02782270901103842,30,PRUNED,0 days 00:00:06.151637,cat:B:S0,,,,,,,,
19,18.38595185806302,8.0,400.0,1.6972095450631506,0.01072463328142426,30,COMPLETE,0 days 00:00:16.368626,cat:B:S0,,,,,,,,
20,18.14591850868631,8.0,600.0,6.3353424317455715,0.024717335216861955,30,COMPLETE,0 days 00:00:23.874014,cat:B:S0,,,,,,,,
21,18.02844046172709,7.0,650.0,8.213595240152173,0.0323289419302861,30,COMPLETE,0 days 00:00:15.814893,cat:B:S0,,,,,,,,
22,18.105950752118062,8.0,800.0,6.355469876377926,0.03675540528798183,30,COMPLETE,0 days 00:00:30.767729,cat:B:S0,,,,,,,,
23,10.04919738690762,8.0,1000.0,4.860527358922983,0.04376519156493774,30,PRUNED,0 days 00:00:12.791995,cat:B:S0,,,,,,,,
24,10.298697458563591,8.0,750.0,6.760083349774608,0.056614017538304376,30,PRUNED,0 days 00:00:09.545721,cat:B:S0,,,,,,,,
25,18.541702368079132,8.0,500.0,6.7048238645510265,0.013797714033476047,30,COMPLETE,0 days 00:00:19.731756,cat:B:S0,,,,,,,,
26,11.327900290846642,6.0,600.0,6.761493561513043,0.03497733716137308,30,PRUNED,0 days 00:00:02.871708,cat:B:S0,,,,,,,,
27,10.743658357392338,7.0,900.0,9.63515371594067,0.0411155399202302,30,PRUNED,0 days 00:00:06.596657,cat:B:S0,,,,,,,,
28,11.17696852639505,7.0,950.0,6.872704740040925,0.07866698566011678,30,PRUNED,0 days 00:00:06.872233,cat:B:S0,,,,,,,,
29,17.66048358947495,8.0,950.0,5.920764532148146,0.029243442982805946,30,COMPLETE,0 days 00:00:36.845284,cat:B:S0,,,,,,,,
0,15.218319700159933,7.0,700.0,3.968793330444372,0.17254716573280354,30,COMPLETE,0 days 00:00:20.095356,cat:B:S1,,,,,,,,
1,15.87125447188596,7.0,1350.0,1.0485387725194617,0.06054365855469246,30,COMPLETE,0 days 00:00:36.741130,cat:B:S1,,,,,,,,
2,17.16949249907338,5.0,400.0,3.347776308515933,0.017322667470546258,inf,COMPLETE,0 days 00:00:05.346213,cat:B:S1,,,,,,,,
3,16.241966319642305,5.0,350.0,2.858051065806936,0.023993242906812727,30,COMPLETE,0 days 00:00:04.523748,cat:B:S1,,,,,,,,
4,16.25835004630066,7.0,950.0,1.4808945119975185,0.011492999300221412,inf,COMPLETE,0 days 00:00:26.668260,cat:B:S1,,,,,,,,
5,17.775660440532874,4.0,1250.0,4.833180632488465,0.0249064396938244,inf,COMPLETE,0 days 00:00:11.936495,cat:B:S1,,,,,,,,
6,17.579561305088543,5.0,200.0,4.597505784732165,0.15242391728466367,inf,COMPLETE,0 days 00:00:02.574887,cat:B:S1,,,,,,,,
7,16.931458993101522,7.0,400.0,8.699593128513321,0.18258230439200238,inf,COMPLETE,0 days 00:00:11.385813,cat:B:S1,,,,,,,,
8,10.99258057802911,4.0,300.0,2.1150972021685583,0.017987863473362915,inf,PRUNED,0 days 00:00:00.927302,cat:B:S1,,,,,,,,
9,9.525754077962585,6.0,650.0,1.383324997521996,0.023200867504756827,inf,PRUNED,0 days 00:00:03.636563,cat:B:S1,,,,,,,,
10,16.409050699582888,8.0,300.0,4.466735125341257,0.04315633073799323,30,COMPLETE,0 days 00:00:13.829172,cat:B:S1,,,,,,,,
11,15.389153507017681,7.0,950.0,1.5176881469010326,0.08814432585407526,30,COMPLETE,0 days 00:00:25.363105,cat:B:S1,,,,,,,,
12,15.895821459245212,7.0,850.0,4.125363814430938,0.08743106878652578,30,COMPLETE,0 days 00:00:23.480115,cat:B:S1,,,,,,,,
13,15.295947907752918,6.0,650.0,8.617834532852479,0.13156659664523215,30,COMPLETE,0 days 00:00:11.892484,cat:B:S1,,,,,,,,
14,15.197583823809943,7.0,650.0,9.660739440430154,0.07749238073294211,30,COMPLETE,0 days 00:00:18.310890,cat:B:S1,,,,,,,,
15,15.49408137973131,7.0,600.0,7.38904298676703,0.03829351609258612,30,COMPLETE,0 days 00:00:17.049300,cat:B:S1,,,,,,,,
16,14.782539103789652,6.0,400.0,2.4186046462784088,0.09734012017688903,30,COMPLETE,0 days 00:00:07.361359,cat:B:S1,,,,,,,,
17,9.572144191011848,5.0,500.0,1.8753337015421099,0.07480204639746599,30,PRUNED,0 days 00:00:02.187312,cat:B:S1,,,,,,,,
18,9.545274352620108,6.0,1050.0,2.6374180418388273,0.05176291890899942,30,PRUNED,0 days 00:00:05.687202,cat:B:S1,,,,,,,,
19,8.872935470499788,7.0,300.0,4.131135718211511,0.10338956889137138,30,PRUNED,0 days 00:00:02.627699,cat:B:S1,,,,,,,,
20,15.931252128479956,7.0,350.0,2.439433387678383,0.06942489243895082,30,COMPLETE,0 days 00:00:09.879365,cat:B:S1,,,,,,,,
21,9.297373399249778,6.0,650.0,2.823462412529662,0.19701299631587865,30,PRUNED,0 days 00:00:03.461304,cat:B:S1,,,,,,,,
22,14.893899999390868,7.0,550.0,4.500037080229126,0.18659946664129454,30,COMPLETE,0 days 00:00:14.858161,cat:B:S1,,,,,,,,
23,9.773537451893208,7.0,500.0,2.0785119726905337,0.11363761690848223,30,PRUNED,0 days 00:00:04.108464,cat:B:S1,,,,,,,,
24,16.747801254084937,8.0,800.0,9.185081249987812,0.1200901150410728,30,COMPLETE,0 days 00:00:35.477713,cat:B:S1,,,,,,,,
25,8.88668763277687,6.0,300.0,8.827438791108852,0.06732101949071291,30,PRUNED,0 days 00:00:01.672060,cat:B:S1,,,,,,,,
26,9.341701835232236,7.0,350.0,1.3431846176130873,0.1311221027332636,30,PRUNED,0 days 00:00:02.805230,cat:B:S1,,,,,,,,
27,16.101643533805255,8.0,800.0,3.4317162041612175,0.10141733956345962,30,COMPLETE,0 days 00:00:34.975373,cat:B:S1,,,,,,,,
28,9.092480529622986,6.0,450.0,3.415423311302876,0.10832064217100223,30,PRUNED,0 days 00:00:02.595441,cat:B:S1,,,,,,,,
29,15.179334306713933,6.0,400.0,2.5732005224153256,0.19072152148172988,30,COMPLETE,0 days 00:00:07.397935,cat:B:S1,,,,,,,,
0,10.82641117298787,7.0,700.0,3.968793330444372,0.17254716573280354,30,COMPLETE,0 days 00:00:18.962258,cat:B:S2,,,,,,,,
1,10.757831860287522,7.0,1350.0,1.0485387725194617,0.06054365855469246,30,COMPLETE,0 days 00:00:36.199911,cat:B:S2,,,,,,,,
2,10.353390566926103,5.0,400.0,3.347776308515933,0.017322667470546258,inf,COMPLETE,0 days 00:00:05.125738,cat:B:S2,,,,,,,,
3,10.37214502201124,5.0,350.0,2.858051065806936,0.023993242906812727,30,COMPLETE,0 days 00:00:04.327987,cat:B:S2,,,,,,,,
4,10.268438359619799,7.0,950.0,1.4808945119975185,0.011492999300221412,inf,COMPLETE,0 days 00:00:26.946134,cat:B:S2,,,,,,,,
5,9.607117577605331,4.0,1250.0,4.833180632488465,0.0249064396938244,inf,COMPLETE,0 days 00:00:11.667236,cat:B:S2,,,,,,,,
6,9.417546195415092,5.0,200.0,4.597505784732165,0.15242391728466367,inf,COMPLETE,0 days 00:00:02.942582,cat:B:S2,,,,,,,,
7,10.446516148678429,7.0,400.0,8.699593128513321,0.18258230439200238,inf,COMPLETE,0 days 00:00:11.887895,cat:B:S2,,,,,,,,
8,8.301255152418454,4.0,300.0,2.1150972021685583,0.017987863473362915,inf,PRUNED,0 days 00:00:00.900069,cat:B:S2,,,,,,,,
9,9.859347044679216,6.0,650.0,1.383324997521996,0.023200867504756827,inf,COMPLETE,0 days 00:00:11.860460,cat:B:S2,,,,,,,,
10,10.281914466543325,7.0,1050.0,7.500837999038046,0.1857903865288356,inf,COMPLETE,0 days 00:00:29.889417,cat:B:S2,,,,,,,,
11,6.493671990183746,4.0,450.0,7.144343985635863,0.1645135922439221,inf,PRUNED,0 days 00:00:01.349413,cat:B:S2,,,,,,,,
12,6.252460795009689,4.0,1150.0,4.355104420962049,0.05421314671375159,inf,PRUNED,0 days 00:00:03.201484,cat:B:S2,,,,,,,,
13,9.865548146900602,6.0,800.0,5.813459704395204,0.06358091744738101,60,COMPLETE,0 days 00:00:13.976708,cat:B:S2,,,,,,,,
14,9.659624622753768,5.0,350.0,3.9151608119612367,0.17063526527851403,inf,COMPLETE,0 days 00:00:04.421540,cat:B:S2,,,,,,,,
15,6.722218388729859,5.0,850.0,3.8701085577143957,0.010434328787946982,30,PRUNED,0 days 00:00:03.495415,cat:B:S2,,,,,,,,
16,6.353393679053462,5.0,200.0,4.1903830010937515,0.07865277921779752,inf,PRUNED,0 days 00:00:00.870560,cat:B:S2,,,,,,,,
17,10.298733070620113,7.0,1500.0,3.538627702523569,0.1315613203734979,inf,COMPLETE,0 days 00:00:40.790332,cat:B:S2,,,,,,,,
18,6.445791921146895,4.0,600.0,6.506488648284696,0.05998462409705064,inf,PRUNED,0 days 00:00:01.655785,cat:B:S2,,,,,,,,
19,9.987569056463657,6.0,700.0,2.9898336675684147,0.1318135068837364,inf,COMPLETE,0 days 00:00:12.358406,cat:B:S2,,,,,,,,
20,6.584428125806001,5.0,1250.0,6.47635519906803,0.010795447734114434,inf,PRUNED,0 days 00:00:04.941946,cat:B:S2,,,,,,,,
21,6.351933779175648,4.0,800.0,4.030800053856721,0.18471800310754993,inf,PRUNED,0 days 00:00:02.164546,cat:B:S2,,,,,,,,
22,9.329814109806835,5.0,500.0,5.334472534747653,0.1085459376275671,inf,COMPLETE,0 days 00:00:06.252490,cat:B:S2,,,,,,,,
23,9.61907716374388,5.0,350.0,7.385347256511578,0.09098739855075587,inf,COMPLETE,0 days 00:00:04.447395,cat:B:S2,,,,,,,,
24,9.320021306809961,5.0,750.0,6.069597250112061,0.13380233623317908,inf,COMPLETE,0 days 00:00:09.173327,cat:B:S2,,,,,,,,
25,9.536943083953462,5.0,600.0,4.509832365820492,0.12814333336323194,inf,COMPLETE,0 days 00:00:07.446675,cat:B:S2,,,,,,,,
