number,value,params_depth,params_iterations,params_l2_leaf_reg,params_learning_rate,params_tau,state,duration,job,params_colsample_bytree,params_min_child_samples,params_n_estimators,params_num_leaves,params_reg_lambda,params_subsample,params_max_depth,params_min_child_weight
13,5.950259171036438,,,,0.06630534799953187,inf,COMPLETE,0 days 00:00:15.771818,xgb:A:S2,0.755106061609633,,1300.0,,0.004244125519651115,0.9128856132467664,9.0,21.60913187110095
14,6.0342441763710015,,,,0.03514109688222433,inf,COMPLETE,0 days 00:00:23.900608,xgb:A:S2,0.7492629184485466,,1500.0,,0.022200918893721607,0.7692111461241955,8.0,4.3983715780001384
15,6.049235815429394,,,,0.06939064364527539,inf,COMPLETE,0 days 00:00:15.756767,xgb:A:S2,0.7027986590113119,,1250.0,,0.1710873131038699,0.7707973160716988,9.0,15.08167013220169
16,6.542425856279997,,,,0.08111063070417612,inf,COMPLETE,0 days 00:00:46.501449,xgb:A:S2,0.7730347083219331,,1450.0,,0.11190612094648496,0.8215489240035181,9.0,1.813225383991605
17,6.324291147517368,,,,0.10868077200726856,inf,COMPLETE,0 days 00:00:11.863020,xgb:A:S2,0.7534476467723342,,1300.0,,0.00950317116145822,0.9989645832047436,8.0,41.37886727252796
18,6.232264234536067,,,,0.061447244727118426,inf,COMPLETE,0 days 00:00:13.673409,xgb:A:S2,0.8050626515343403,,1500.0,,0.014205488506379482,0.8829653391673884,7.0,30.73089186009939
19,5.992552330960592,,,,0.0482232575872633,inf,COMPLETE,0 days 00:00:34.760007,xgb:A:S2,0.832754994329775,,1300.0,,0.07178028144125742,0.8844143779868694,10.0,4.74972929305967
20,6.110895151359808,,,,0.11589233681288132,inf,COMPLETE,0 days 00:00:17.814444,xgb:A:S2,0.6920067566073318,,1500.0,,0.0010579982653716802,0.8564296389887366,8.0,15.628167077112446
21,5.942456973405757,,,,0.030918521768561677,inf,COMPLETE,0 days 00:00:19.840765,xgb:A:S2,0.7644900315837784,,1400.0,,0.01946490917472202,0.9424442642496136,9.0,10.233617160047402
22,5.771741825224885,,,,0.037062982317074306,inf,COMPLETE,0 days 00:00:23.282941,xgb:A:S2,0.71152020206466,,1500.0,,0.003939393975630792,0.9710617566124128,9.0,7.437011972604888
23,6.008091532850078,,,,0.052995191171262064,inf,COMPLETE,0 days 00:00:13.019260,xgb:A:S2,0.7480920430968562,,1050.0,,0.027002561123876386,0.938342198132545,9.0,17.979486472018493
24,5.961514991940569,,,,0.03389220287148513,inf,COMPLETE,0 days 00:00:17.495512,xgb:A:S2,0.8226144962108151,,1200.0,,0.006865975089780379,0.958391735483637,9.0,10.340762971980073
25,6.056413336369864,,,,0.05924848397892222,inf,COMPLETE,0 days 00:00:22.297437,xgb:A:S2,0.6970242048596208,,1450.0,,0.020995031339200575,0.9969831155528841,8.0,4.565885825919251
26,5.81415424781446,,,,0.03420489665083954,inf,COMPLETE,0 days 00:00:22.832317,xgb:A:S2,0.744151014304349,,1350.0,,0.0028664866944969453,0.999929040771478,9.0,7.269588914245111
27,5.865598077808908,,,,0.04316729794830378,inf,COMPLETE,0 days 00:00:24.654504,xgb:A:S2,0.7820687405463116,,1500.0,,0.004251853343316329,0.9868055183825366,8.0,4.43974428200672
28,6.062741835274866,,,,0.024523850328592334,inf,COMPLETE,0 days 00:00:15.783451,xgb:A:S2,0.6480537862884592,,1200.0,,0.01093846007208289,0.9291055834799613,8.0,6.105970411076875
29,5.893443043166841,,,,0.038961531600910544,inf,COMPLETE,0 days 00:00:21.387999,xgb:A:S2,0.7142630565690377,,1200.0,,0.001247166166787951,0.9518196955070759,9.0,5.013740217654818
0,20.306381708024272,,,,0.17254716573280354,30,COMPLETE,0 days 00:00:05.188143,xgb:B:S0,0.5779972601681014,,600.0,,0.0017073967431528124,0.5780093202212182,8.0,10.401663679887308
1,18.99064285386169,,,,0.18276027831785724,30,COMPLETE,0 days 00:00:00.979064,xgb:B:S0,0.5917022549267169,,100.0,,0.016480446427978974,0.5909124836035503,9.0,2.2948683681130553
2,17.6223318269903,,,,0.01518747922672247,60,COMPLETE,0 days 00:00:05.423710,xgb:B:S0,0.8925879806965068,,950.0,,0.006290644294586149,0.728034992108518,5.0,4.192159350410974
3,20.9316495205305,,,,0.016666983286066417,60,COMPLETE,0 days 00:00:03.572593,xgb:B:S0,0.9041986740582306,,950.0,,0.01653693718282442,0.9828160165372797,3.0,40.938136085987814
4,21.2939152352262,,,,0.04407984038169244,60,COMPLETE,0 days 00:00:01.023028,xgb:B:S0,0.831261142176991,,250.0,,0.017654048052495083,0.6293899908000085,3.0,35.06776499297218
5,23.99057643058478,,,,0.10196967939171485,inf,COMPLETE,0 days 00:00:14.595675,xgb:B:S0,0.9609371175115584,,1500.0,,0.002259279742015696,0.7989499894055425,10.0,33.13483615508948
6,21.06687159166781,,,,0.022544116997360492,inf,COMPLETE,0 days 00:00:09.311793,xgb:B:S0,0.7713480415791243,,650.0,,0.0036618192203924276,0.6404672548436904,9.0,4.037506188440754
7,20.303528742085167,,,,0.018135730867783396,60,COMPLETE,0 days 00:00:04.585104,xgb:B:S0,0.8645035840204937,,1200.0,,1.2164139351417065,0.8534286719238086,3.0,24.29095036825495
8,18.940493273072324,,,,0.06470376604234768,60,COMPLETE,0 days 00:00:07.762466,xgb:B:S0,0.6625916610133735,,1350.0,,0.8287522363768158,0.6554911608578311,5.0,1.2822825454807552
9,11.121357621935507,,,,0.08471354625326555,30,PRUNED,0 days 00:00:00.566366,xgb:B:S0,0.7468977981821954,,250.0,,0.12329098365270515,0.8854835899772805,9.0,8.98655264400719
10,18.62031145590074,,,,0.045027843058530484,60,COMPLETE,0 days 00:00:06.676294,xgb:B:S0,0.9939953993812047,,1300.0,,0.007275371197958766,0.6192050970897073,4.0,2.582273036513852
11,17.401064250606655,,,,0.04821832383186935,60,COMPLETE,0 days 00:00:08.543213,xgb:B:S0,0.9415651587509632,,1300.0,,0.009148302394535814,0.735784818451047,6.0,4.161583327115549
12,17.42790429388496,,,,0.01356180720142008,60,COMPLETE,0 days 00:00:10.172090,xgb:B:S0,0.9115454871241429,,1350.0,,0.004228211999335635,0.6914716741944175,7.0,5.225577837409188
13,17.607929552019662,,,,0.05867130268839625,60,COMPLETE,0 days 00:00:09.793909,xgb:B:S0,0.9483980857346935,,1250.0,,0.004753435082293457,0.7799882742449817,8.0,7.632222370464636
14,17.279684072998254,,,,0.012473076351821748,60,COMPLETE,0 days 00:00:10.196004,xgb:B:S0,0.89593006585011,,1400.0,,0.08358983993535343,0.7933404961788556,7.0,6.572808381870642
15,18.876396164466126,,,,0.07649997700174231,60,COMPLETE,0 days 00:00:10.675880,xgb:B:S0,0.9100947507250149,,1450.0,,0.24731820574675784,0.6603126780093567,8.0,10.35344948661417
16,17.63505078465923,,,,0.013539128945982437,60,COMPLETE,0 days 00:00:11.556056,xgb:B:S0,0.9681712407830376,,1450.0,,0.5703357575401087,0.7927544457101421,8.0,9.253816256344198
17,17.45120684649723,,,,0.019432189934564796,60,COMPLETE,0 days 00:00:08.908222,xgb:B:S0,0.8758899904071409,,1100.0,,0.11259068602527506,0.6363649545502935,7.0,4.117506546429903
18,19.205499076470513,,,,0.0511098094800547,60,COMPLETE,0 days 00:00:10.095125,xgb:B:S0,0.8927589279656699,,1400.0,,0.04093339358099989,0.8052799324962889,8.0,11.690646101614824
19,17.9976742968152,,,,0.01323522034048558,60,COMPLETE,0 days 00:00:10.377179,xgb:B:S0,0.7437402908660692,,1500.0,,0.09961047922084566,0.7407640091965084,7.0,6.604441647717621
20,17.48705028741703,,,,0.12814462341134691,60,COMPLETE,0 days 00:00:09.549582,xgb:B:S0,0.9432464477992633,,1400.0,,0.029911004223772332,0.791131218530373,7.0,4.64963337180519
21,18.039249440906655,,,,0.033966105452638215,60,COMPLETE,0 days 00:00:11.712318,xgb:B:S0,0.8963276208479091,,1400.0,,0.0014221843279929938,0.6955759146037795,7.0,1.7271690917076346
22,17.851109901632736,,,,0.013372576082594964,60,COMPLETE,0 days 00:00:09.025872,xgb:B:S0,0.7616685918691315,,1300.0,,0.0013145521909824795,0.7222452409755489,7.0,5.12279370348901
23,18.06245211180161,,,,0.02805239478152534,60,COMPLETE,0 days 00:00:09.102728,xgb:B:S0,0.97119565896932,,1500.0,,0.008586319773940523,0.7556137967379691,6.0,9.119785744673925
24,17.25138496198247,,,,0.07893706687339251,60,COMPLETE,0 days 00:00:09.253236,xgb:B:S0,0.9213769430696573,,1250.0,,0.010672437183310984,0.6687372693091926,7.0,3.8668753716756963
25,17.856591395111163,,,,0.09506524821732575,60,COMPLETE,0 days 00:00:10.519154,xgb:B:S0,0.9703850338165877,,1200.0,,0.002473760551170688,0.647780613251229,8.0,2.5354661524988953
26,17.37581181971331,,,,0.06105422781543538,60,COMPLETE,0 days 00:00:13.159607,xgb:B:S0,0.9573883661655862,,1500.0,,0.007508074057005141,0.6769540838844963,8.0,2.898213569238404
27,18.064649676740583,,,,0.1255858095505422,60,COMPLETE,0 days 00:00:11.285474,xgb:B:S0,0.8880068148354613,,1400.0,,0.001780963876235969,0.6063788154123888,8.0,3.011751291655084
28,17.251600530451075,,,,0.11984393463097553,60,COMPLETE,0 days 00:00:07.764091,xgb:B:S0,0.8771235103572346,,1200.0,,0.005283016919265448,0.6567905662709735,6.0,3.08945963801026
29,17.530532480326315,,,,0.06442995793671576,60,COMPLETE,0 days 00:00:08.343815,xgb:B:S0,0.8683498995654132,,1100.0,,0.0015742620672324957,0.720169626684392,7.0,2.826102617866509
0,15.535492126781469,,,,0.17254716573280354,30,COMPLETE,0 days 00:00:05.195312,xgb:B:S1,0.5779972601681014,,600.0,,0.0017073967431528124,0.5780093202212182,8.0,10.401663679887308
1,13.776841224931397,,,,0.18276027831785724,30,COMPLETE,0 days 00:00:01.051146,xgb:B:S1,0.5917022549267169,,100.0,,0.016480446427978974,0.5909124836035503,9.0,2.2948683681130553
2,12.339401982082613,,,,0.01518747922672247,60,COMPLETE,0 days 00:00:05.975971,xgb:B:S1,0.8925879806965068,,950.0,,0.006290644294586149,0.728034992108518,5.0,4.192159350410974
3,13.292079947033402,,,,0.016666983286066417,60,COMPLETE,0 days 00:00:03.811608,xgb:B:S1,0.9041986740582306,,950.0,,0.01653693718282442,0.9828160165372797,3.0,40.938136085987814
4,13.250411552039465,,,,0.04407984038169244,60,COMPLETE,0 days 00:00:01.199510,xgb:B:S1,0.831261142176991,,250.0,,0.017654048052495083,0.6293899908000085,3.0,35.06776499297218
5,13.850468139279753,,,,0.10196967939171485,inf,COMPLETE,0 days 00:00:16.098877,xgb:B:S1,0.9609371175115584,,1500.0,,0.002259279742015696,0.7989499894055425,10.0,33.13483615508948
6,13.925163227772474,,,,0.022544116997360492,inf,COMPLETE,0 days 00:00:10.938926,xgb:B:S1,0.7713480415791243,,650.0,,0.0036618192203924276,0.6404672548436904,9.0,4.037506188440754
7,13.214412853791794,,,,0.018135730867783396,60,COMPLETE,0 days 00:00:04.896964,xgb:B:S1,0.8645035840204937,,1200.0,,1.2164139351417065,0.8534286719238086,3.0,24.29095036825495
8,13.517426920239467,,,,0.06470376604234768,60,COMPLETE,0 days 00:00:08.144192,xgb:B:S1,0.6625916610133735,,1350.0,,0.8287522363768158,0.6554911608578311,5.0,1.2822825454807552
9,12.859874160398938,,,,0.08471354625326555,30,COMPLETE,0 days 00:00:02.000001,xgb:B:S1,0.7468977981821954,,250.0,,0.12329098365270515,0.8854835899772805,9.0,8.98655264400719
10,13.056478499235808,,,,0.045027843058530484,60,COMPLETE,0 days 00:00:07.070588,xgb:B:S1,0.9939953993812047,,1300.0,,0.007275371197958766,0.6192050970897073,4.0,2.582273036513852
11,9.422735350472585,,,,0.06372906318597647,30,PRUNED,0 days 00:00:00.536686,xgb:B:S1,0.7554436107949313,,250.0,,0.02434347685923165,0.8331780198089838,8.0,11.760098763280949
12,12.17422167514592,,,,0.014547763604096653,60,COMPLETE,0 days 00:00:14.715862,xgb:B:S1,0.9059227489886522,,1400.0,,0.005038729160827555,0.688125870419818,9.0,5.225577837409188
13,12.550204441577359,,,,0.016180021270155453,60,COMPLETE,0 days 00:00:19.799462,xgb:B:S1,0.9339408950206229,,1500.0,,0.0030113740924361094,0.60632954920086,10.0,2.982345315237295
14,11.927415635744744,,,,0.017036203390665423,60,COMPLETE,0 days 00:00:09.544262,xgb:B:S1,0.948331964905683,,1250.0,,0.013387897826352146,0.7094598854667351,7.0,8.039327529883105
15,12.761521370030627,,,,0.03556777795957658,60,COMPLETE,0 days 00:00:10.720078,xgb:B:S1,0.9137864213943568,,1500.0,,0.004401275252903446,0.5573110897968858,6.0,8.735507699594699
16,11.801438467307463,,,,0.011104149244387004,60,COMPLETE,0 days 00:00:14.260391,xgb:B:S1,0.972839239440262,,1300.0,,0.027323976542689567,0.7655797557304029,10.0,8.284034873022177
17,12.064227050355997,,,,0.014570615818100962,60,COMPLETE,0 days 00:00:09.396956,xgb:B:S1,0.9145180093316598,,1000.0,,0.04366379494330695,0.6142955116117693,8.0,5.0132991053109945
18,12.188042379428113,,,,0.011996889818714006,60,COMPLETE,0 days 00:00:10.628153,xgb:B:S1,0.9367540756639521,,1300.0,,0.14002942483115435,0.8066739764558607,9.0,15.25829472248653
19,12.313267368632465,,,,0.011713140487459457,60,COMPLETE,0 days 00:00:11.846082,xgb:B:S1,0.7985948398888956,,1500.0,,0.03875291542055873,0.7168519724272072,8.0,8.064866464855767
20,8.853270891166868,,,,0.028083087666419274,60,PRUNED,0 days 00:00:03.023538,xgb:B:S1,0.8415088982037037,,1400.0,,0.031567781284106415,0.774992927401073,8.0,17.17101930083712
21,9.142055267379398,,,,0.01544221225778073,60,PRUNED,0 days 00:00:03.431518,xgb:B:S1,0.9939109344929118,,1300.0,,0.0027397683885747887,0.7289156099355714,10.0,18.34698124520752
22,11.956973096433302,,,,0.012810043400166757,60,COMPLETE,0 days 00:00:10.206176,xgb:B:S1,0.8969037098318628,,950.0,,0.01044536463661731,0.788208193122481,10.0,7.581638841695065
23,12.362620867699627,,,,0.011698349649602664,60,COMPLETE,0 days 00:00:12.727696,xgb:B:S1,0.9671614209957642,,1100.0,,0.0032380960597843344,0.8165109095222384,9.0,5.002765784398193
24,11.863906822586435,,,,0.015528804579241162,60,COMPLETE,0 days 00:00:07.352041,xgb:B:S1,0.9597282151522407,,750.0,,0.013520884246588186,0.8466148283932426,9.0,10.531340628384225
25,8.441378687109266,,,,0.01986518667879264,60,PRUNED,0 days 00:00:02.130053,xgb:B:S1,0.9847516103273445,,750.0,,0.008780078596385634,0.8331792144313724,10.0,15.499548644220996
26,12.199617575176381,,,,0.01563252120593644,60,COMPLETE,0 days 00:00:15.701182,xgb:B:S1,0.9688348637125559,,1450.0,,0.008569243257264074,0.84129369832602,10.0,7.327734299372558
27,12.073659446555117,,,,0.012794068957601035,60,COMPLETE,0 days 00:00:10.902211,xgb:B:S1,0.905332207110266,,1200.0,,0.026580704224486877,0.7463042647161383,8.0,6.283408890659352
28,8.64302865096501,,,,0.029004441228134517,60,PRUNED,0 days 00:00:02.869700,xgb:B:S1,0.9745551038294106,,1250.0,,0.06732155357666195,0.7562958246625059,8.0,16.841261368745087
29,11.694644557937863,,,,0.023514513697599583,60,COMPLETE,0 days 00:00:03.354592,xgb:B:S1,0.9925458052312984,,350.0,,0.0027852619379383757,0.9013633933533008,9.0,15.379842410857847
0,11.099123120539225,,,,0.17254716573280354,30,COMPLETE,0 days 00:00:05.658591,xgb:B:S2,0.5779972601681014,,600.0,,0.0017073967431528124,0.5780093202212182,8.0,10.401663679887308
1,10.342905163982826,,,,0.18276027831785724,30,COMPLETE,0 days 00:00:01.052623,xgb:B:S2,0.5917022549267169,,100.0,,0.016480446427978974,0.5909124836035503,9.0,2.2948683681130553
2,9.149092181417986,,,,0.01518747922672247,60,COMPLETE,0 days 00:00:06.236662,xgb:B:S2,0.8925879806965068,,950.0,,0.006290644294586149,0.728034992108518,5.0,4.192159350410974
3,9.676757875638364,,,,0.016666983286066417,60,COMPLETE,0 days 00:00:03.859750,xgb:B:S2,0.9041986740582306,,950.0,,0.01653693718282442,0.9828160165372797,3.0,40.938136085987814
4,10.159346057703006,,,,0.04407984038169244,60,COMPLETE,0 days 00:00:01.190193,xgb:B:S2,0.831261142176991,,250.0,,0.017654048052495083,0.6293899908000085,3.0,35.06776499297218
5,10.03977843344131,,,,0.10196967939171485,inf,COMPLETE,0 days 00:00:16.803451,xgb:B:S2,0.9609371175115584,,1500.0,,0.002259279742015696,0.7989499894055425,10.0,33.13483615508948
6,10.53248898541496,,,,0.022544116997360492,inf,COMPLETE,0 days 00:00:11.203440,xgb:B:S2,0.7713480415791243,,650.0,,0.0036618192203924276,0.6404672548436904,9.0,4.037506188440754
7,9.11133675043169,,,,0.018135730867783396,60,COMPLETE,0 days 00:00:05.373562,xgb:B:S2,0.8645035840204937,,1200.0,,1.2164139351417065,0.8534286719238086,3.0,24.29095036825495
8,10.12973885491933,,,,0.06470376604234768,60,COMPLETE,0 days 00:00:08.434147,xgb:B:S2,0.6625916610133735,,1350.0,,0.8287522363768158,0.6554911608578311,5.0,1.2822825454807552
9,7.176494084653401,,,,0.08471354625326555,30,PRUNED,0 days 00:00:00.651942,xgb:B:S2,0.7468977981821954,,250.0,,0.12329098365270515,0.8854835899772805,9.0,8.98655264400719
10,6.727211834419341,,,,0.025982934280242318,60,PRUNED,0 days 00:00:02.206144,xgb:B:S2,0.8181583853200388,,1400.0,,0.5363016338702044,0.9467449947692435,5.0,26.547077021596138
11,6.80331384851819,,,,0.027712667378332546,60,PRUNED,0 days 00:00:01.435809,xgb:B:S2,0.9248564459329516,,950.0,,1.5092154206906623,0.8331311969934515,4.0,33.08130803152608
12,9.468850546848744,,,,0.010914711236066634,60,COMPLETE,0 days 00:00:03.919031,xgb:B:S2,0.8306298313232443,,650.0,,0.001957422156384622,0.6900747348752361,4.0,3.0798657743870717
13,6.701623963458198,,,,0.013383063390986964,60,PRUNED,0 days 00:00:01.472286,xgb:B:S2,0.791160277647074,,1150.0,,0.06108590711262086,0.6597185581489988,3.0,22.690707404721326
14,8.958153700508907,,,,0.014302125784879285,60,COMPLETE,0 days 00:00:04.310886,xgb:B:S2,0.9479593123703337,,800.0,,0.29705267796881246,0.8123719272985565,4.0,5.702351826023727
15,9.496159661873323,,,,0.023110213107094,60,COMPLETE,0 days 00:00:06.358081,xgb:B:S2,0.9412279890050402,,700.0,,1.378051833308878,0.7972024350016733,6.0,1.1369900764705956
16,8.643781100242403,,,,0.012488319190033523,60,COMPLETE,0 days 00:00:07.200246,xgb:B:S2,0.9782557098149447,,1200.0,,1.4878300388492283,0.8084443982192113,5.0,9.501917033700781
17,8.79866812692778,,,,0.016577178208458516,60,COMPLETE,0 days 00:00:07.317016,xgb:B:S2,0.9682560365937692,,1200.0,,0.08419108607040722,0.8347447662013577,5.0,7.190945958773876
18,9.019138970708765,,,,0.03317939407698672,60,COMPLETE,0 days 00:00:08.549613,xgb:B:S2,0.926290111970712,,1300.0,,0.03746806598990659,0.8381439613885193,6.0,12.61151835055026
19,9.288233450322688,,,,0.018697404715826402,60,COMPLETE,0 days 00:00:07.487609,xgb:B:S2,0.8424764435066004,,1150.0,,0.7512128241139707,0.8124661356643297,5.0,3.3500135254884764
20,6.224521957692646,,,,0.0342335269298181,60,PRUNED,0 days 00:00:01.547002,xgb:B:S2,0.9467333234113099,,950.0,,2.3306124970012445,0.82222161704115,4.0,4.262202317708601
21,6.5049062342870805,,,,0.010412716261421838,60,PRUNED,0 days 00:00:01.919875,xgb:B:S2,0.975391757058676,,1300.0,,0.08745016890944204,0.8507917151836777,4.0,27.240730178489134
22,8.797711894643617,,,,0.013275665425004024,60,COMPLETE,0 days 00:00:05.461028,xgb:B:S2,0.8997084168647388,,750.0,,0.3893739812182572,0.8280015721576526,6.0,8.634988818869335
23,8.924831866116715,,,,0.012145337190361878,60,COMPLETE,0 days 00:00:08.709022,xgb:B:S2,0.918879721330942,,1350.0,,0.013820173452241619,0.7740633536904474,5.0,5.55266136427027
24,6.207281311353047,,,,0.02140044404267306,60,PRUNED,0 days 00:00:02.504731,xgb:B:S2,0.9374551826548403,,1100.0,,0.8197795015280661,0.7375961647137421,6.0,8.402008700373981
25,8.749615290163634,,,,0.011845819262461895,60,COMPLETE,0 days 00:00:09.407787,xgb:B:S2,0.8998816968783278,,1300.0,,4.713657229501197,0.8494412474201968,6.0,7.229018050742945
26,9.01133501113049,,,,0.01391463753953952,60,COMPLETE,0 days 00:00:13.262760,xgb:B:S2,0.9487865294564716,,1500.0,,1.2179296880767696,0.8436613811404591,7.0,5.1225252001393855
27,6.212966118540082,,,,0.013060614150814576,60,PRUNED,0 days 00:00:02.542389,xgb:B:S2,0.8964681132116824,,1100.0,,5.911962956054325,0.7674253259963258,6.0,6.6558536947285365
28,6.1913452829633435,,,,0.010108310892330344,60,PRUNED,0 days 00:00:02.755371,xgb:B:S2,0.9350229160862399,,1500.0,,0.9587423233808843,0.7668565459967641,5.0,10.755636088772777
29,8.7498747658138,,,,0.01985750361631514,60,COMPLETE,0 days 00:00:06.544209,xgb:B:S2,0.9861971230459342,,950.0,,0.3697393140728778,0.9034082270420314,6.0,10.864956255767344
